C251 COMPILER V5.60.0,  ADC                                                                24/03/26  18:54:37  PAGE 1   


C251 COMPILER V5.60.0, COMPILATION OF MODULE ADC
OBJECT MODULE PLACED IN .\out_file\ADC.obj
COMPILER INVOKED BY: D:\Keil5\C251\BIN\C251.EXE ..\code\ADC.c LARGE FLOAT64 ROM(HUGE) WARNINGLEVEL(3) OPTIMIZE(0,SIZE) B
                    -ROWSE INCDIR(..\..\libraries\zf_common;..\..\libraries\zf_components;..\..\libraries\zf_device;..\..\libraries\zf_driver
                    -;..\user;..\code;..\..\libraries\zf_components\stc32g_usb_lib;..\..\libraries\zf_components\seekfree_assistant) DEBUG PR
                    -INT(.\out_file\ADC.lst) OBJECT(.\out_file\ADC.obj) 

stmt  level    source

    1          #include "zf_common_headfile.h"
    2          #include "ADC.h"
    3          #include "aoi_function.h"
    4          //ADC para Control Area//
    5          
    6          #define CHANNEL_NUMBER          (3)
    7          #define ADC_CHANNEL1            ( ADC2_CH5_P05 )
    8          #define ADC_CHANNEL2            ( ADC2_CH6_P06 )
    9          #define ADC_CHANNEL3            ( ADC2_CH7_P07 )  
   10          
   11          float L=0,M=0,R=0;
   12          float ADC_temp[3] = {0};
   13          
   14          //ADC para Control Area//
   15          uint8 channel_index = 0;
   16          adc_channel_enum channel_list[CHANNEL_NUMBER] =
   17          {
   18              ADC_CHANNEL1, 
   19              ADC_CHANNEL2, 
   20              ADC_CHANNEL3, 
   21          };
   22          void my_ADC_Init(void)
   23          {
   24   1          adc_init(ADC_CHANNEL1, ADC_10BIT);          // 初始化对应 ADC 通道为对应精度
   25   1          adc_init(ADC_CHANNEL2, ADC_10BIT);          // 初始化对应 ADC 通道为对应精度
   26   1          adc_init(ADC_CHANNEL3, ADC_10BIT);          // 初始化对应 ADC 通道为对应精度
   27   1      }
   28          /************电磁采样************/
   29          //以下代码均为ADC采样滤波算法//
   30          uint16 adc_sample(adc_channel_enum ch)
   31          {
   32   1              uint16 temp,sum=0;
   33   1              uint16 max,min;
   34   1              uint8 i;
   35   1              
   36   1              temp = adc_convert(ch);
   37   1              max = temp;
   38   1              min = temp;
   39   1              sum += temp;
   40   1      
   41   1              for(i=0;i<10;i++)
   42   1              {
   43   2                      temp = adc_convert(ch);
   44   2                      if(max<temp){max = temp;}
   45   2                      if(min>temp){min = temp;}
   46   2                      sum += temp;
   47   2              }
   48   1              
   49   1              temp = (sum-max-min) / (11-2);
   50   1              
   51   1              return temp;
   52   1      }
   53          
   54          uint16 adc_sample_b(adc_channel_enum ch)
   55          {
   56   1              uint16 temp,sum=0;
C251 COMPILER V5.60.0,  ADC                                                                24/03/26  18:54:37  PAGE 2   

   57   1              uint16 max,min;
   58   1              uint8 i;
   59   1              
   60   1              temp = adc_mid_sample(ch);
   61   1              max = temp;
   62   1              min = temp;
   63   1              sum += temp;
   64   1      
   65   1              for(i=1;i<=7;i++)
   66   1              {
   67   2                      temp = adc_mid_sample(ch);
   68   2                      if(max<temp){max = temp;}
   69   2                      if(min>temp){min = temp;}
   70   2                      sum += temp;
   71   2              }
   72   1              
   73   1              temp = (sum-max-min) / (8-2);
   74   1              
   75   1              return temp;
   76   1      }
   77          
   78          
   79          uint16 adc_sample_a(adc_channel_enum ch)
   80          {
   81   1              uint8 i;
   82   1              uint16 arr[7];
   83   1              
   84   1              for(i=0;i<ADC_Sample_Num;i++)
   85   1              {
   86   2                      arr[i] = adc_convert(ch);
   87   2              }
   88   1              
   89   1              arr[0] = sort_seven(arr);       
   90   1              return arr[0];
   91   1      }
   92          
   93          
   94          uint16 adc_mid_sample(adc_channel_enum ch)//三次取中值
   95          {
   96   1          uint16 i,j,k,tmp;
   97   1          //sample 3 times
   98   1          i = adc_convert(ch);
   99   1          j = adc_convert(ch);
  100   1          k = adc_convert(ch);
  101   1          //  select mid value
  102   1          if(i > j){
  103   2              tmp = i;
  104   2              i = j;
  105   2              j = tmp;
  106   2          }
  107   1          if(k > j){
  108   2              tmp = j;
  109   2          }
  110   1          else if(k > i){
  111   2              tmp = k;
  112   2          }
  113   1          else{
  114   2              tmp = i;
  115   2          }
  116   1          return tmp;
  117   1      }
  118          
  119          void siai_adc_all_sample(void)
  120          {
  121   1              ADC_temp[0] = adc_sample(ADC_CHANNEL1 );
  122   1              ADC_temp[1] = adc_sample(ADC_CHANNEL2 );
C251 COMPILER V5.60.0,  ADC                                                                24/03/26  18:54:37  PAGE 3   

  123   1              ADC_temp[2] = adc_sample(ADC_CHANNEL3 );
  124   1      
  125   1      
  126   1      }
  127          //归一化
  128          void adc_normalizing(void)
  129          {
  130   1              //归一化
  131   1      //      L  = 100*(ADC_temp[0]-0)/(600-0);
  132   1      //  LM = 100*(ADC_temp[1]-0)/(600-0);
  133   1      //      M  = 100*(ADC_temp[2]-0)/(600-0);
  134   1      //  RM = 100*(ADC_temp[3]-0)/(600-0);
  135   1      //      R  = 100*(ADC_temp[4]-0)/(600-0);
  136   1              
  137   1              
  138   1       
  139   1              L  = 100*(ADC_temp[0]-0)/(600-0);
  140   1      //  LM = 100*(ADC_temp[1]-0)/(600-0);
  141   1              M  = 100*(ADC_temp[1]-0)/(600-0);
  142   1      //      RM = 100*(ADC_temp[3]-0)/(600-0);
  143   1              R  = 100*(ADC_temp[2]-0)/(600-0);
  144   1              
  145   1              
  146   1              
  147   1      
  148   1              //输入限幅
  149   1              if(L >100){L =100;}
  150   1      //      if(LM>100){LM=100;}
  151   1              if(M >100){M =100;}
  152   1      //      if(RM>100){RM=100;}
  153   1              if(R >100){R =100;}
  154   1      }
  155          //电压采集//
  156          //以下电压采集权重需要根据实际情况进行评估//
  157          float adc_v_sample(float v_next)
  158          {
  159   1              static float v,last_v=0;
  160   1              v = v_next;
  161   1              v = v*0.014648*4;
  162   1              
  163   1              
  164   1              v = 0.1*v + 0.90*last_v;
  165   1              last_v = v;
  166   1              
  167   1              return v;
  168   1      }
  169          
  170          float adc_v_sample_2(float v_next)
  171          {
  172   1              static float v,last_v=0;
  173   1              v = v_next;
  174   1              v = v*0.038671;
  175   1              
  176   1              
  177   1              v = 0.5*v + 0.5*last_v;
  178   1              last_v = v;
  179   1              
  180   1              return v;
  181   1      }
  182                  
  183          float adc_v_sample_3(float v_next)
  184          {
  185   1              static float v,last_v=0;
  186   1              v = v_next;
  187   1              v = v*0.038671;
  188   1              
C251 COMPILER V5.60.0,  ADC                                                                24/03/26  18:54:37  PAGE 4   

  189   1              
  190   1              v = 0.1*v + 0.9*last_v;
  191   1              last_v = v;
  192   1              
  193   1              return v;
  194   1      }
  195          
  196          float adc_v_sample_4(float v_next)
  197          {
  198   1              static float v,last_v=0;
  199   1      
  200   1              v = v_next;
  201   1      
  202   1              v = v*0.038671;
  203   1              
  204   1              
  205   1              v = 0.05*v + 0.95*last_v;
  206   1              last_v = v;
  207   1              
  208   1              return v;
  209   1      }
  210          void debug_adc(void)
  211                  {
  212   1              for(channel_index = 0; channel_index < CHANNEL_NUMBER; channel_index ++)
  213   1              {
  214   2                  printf(
  215   2                      "ADC channel %d convert data is %d.\r\n",
  216   2                      channel_index + 1,
  217   2                      adc_convert(channel_list[channel_index]));                      // 循环输出单次转换结果
  218   2              }
  219   1              system_delay_ms(500);
  220   1      
  221   1              for(channel_index = 0; channel_index < CHANNEL_NUMBER; channel_index ++)
  222   1              {
  223   2                  printf(
  224   2                      "ADC channel %d mean filter convert data is %d.\r\n",
  225   2                      channel_index + 1,
  226   2                      adc_mean_filter_convert(channel_list[channel_index], 10));      // 循环输出 10 次均值滤波
             -转换结果
  227   2              }
  228   1              system_delay_ms(500);
  229   1              
  230   1              
  231   1              }


Module Information          Static   Overlayable
------------------------------------------------
  code size            =    ------     ------
  ecode size           =      2175     ------
  data size            =    ------     ------
  idata size           =    ------     ------
  pdata size           =    ------     ------
  xdata size           =       128     ------
  xdata-const size     =    ------     ------
  edata size           =    ------     ------
  bit size             =    ------     ------
  ebit size            =    ------     ------
  bitaddressable size  =    ------     ------
  ebitaddressable size =    ------     ------
  far data size        =    ------     ------
  huge data size       =    ------     ------
  const size           =    ------     ------
  hconst size          =       183     ------
End of Module Information.


C251 COMPILATION COMPLETE.  0 WARNING(S),  0 ERROR(S)
