C251 COMPILER V5.60.0,  aoi_function                                                       24/03/26  18:54:37  PAGE 1   


C251 COMPILER V5.60.0, COMPILATION OF MODULE aoi_function
OBJECT MODULE PLACED IN .\out_file\aoi_function.obj
COMPILER INVOKED BY: D:\Keil5\C251\BIN\C251.EXE ..\code\aoi_function.c LARGE FLOAT64 ROM(HUGE) WARNINGLEVEL(3) OPTIMIZE(
                    -0,SIZE) BROWSE INCDIR(..\..\libraries\zf_common;..\..\libraries\zf_components;..\..\libraries\zf_device;..\..\libraries\
                    -zf_driver;..\user;..\code;..\..\libraries\zf_components\stc32g_usb_lib;..\..\libraries\zf_components\seekfree_assistant)
                    - DEBUG PRINT(.\out_file\aoi_function.lst) OBJECT(.\out_file\aoi_function.obj) 

stmt  level    source

    1          #include "zf_common_headfile.h"
    2          #include "aoi_function.h"
    3          
    4          
    5          int32 abs_int32(int32 num)
    6          {
    7   1              if(num<0)
    8   1              {
    9   2                      num = -num;
   10   2              }
   11   1      
   12   1              return num;
   13   1      }
   14          
   15          
   16          
   17          
   18          // 슥뻣좃몸憐鑒（흔벎矜狼）
   19          void compare_swap(uint16 *a, uint16 *b) {
   20   1              uint16 t;
   21   1          if (*a > *b) {
   22   2               t = *a;
   23   2              *a = *b;
   24   2              *b = t;
   25   2          }
   26   1      }
   27          
   28          // 멕槻탤埼7몸鑒돨변鑒（癎땡嵐역궐싹貢쭹）
   29          uint16 sort_seven(uint16 arr[7]) {
   30   1          compare_swap(&arr[0], &arr[1]);
   31   1          compare_swap(&arr[2], &arr[3]);
   32   1          compare_swap(&arr[4], &arr[5]);
   33   1          compare_swap(&arr[0], &arr[2]);
   34   1          compare_swap(&arr[1], &arr[3]);
   35   1          compare_swap(&arr[2], &arr[4]);
   36   1          compare_swap(&arr[3], &arr[5]);
   37   1          compare_swap(&arr[5], &arr[6]);
   38   1          compare_swap(&arr[3], &arr[5]);
   39   1          compare_swap(&arr[1], &arr[3]);
   40   1          compare_swap(&arr[0], &arr[1]);
   41   1          compare_swap(&arr[2], &arr[3]);
   42   1          compare_swap(&arr[4], &arr[5]);
   43   1          compare_swap(&arr[1], &arr[2]);
   44   1          compare_swap(&arr[3], &arr[4]);
   45   1          compare_swap(&arr[2], &arr[3]);
   46   1          compare_swap(&arr[6], &arr[5]);
   47   1          compare_swap(&arr[5], &arr[4]);
   48   1          compare_swap(&arr[4], &arr[3]);
   49   1          compare_swap(&arr[3], &arr[2]);
   50   1          compare_swap(&arr[2], &arr[1]);
   51   1          compare_swap(&arr[1], &arr[0]);
   52   1          compare_swap(&arr[0], &arr[1]);
   53   1          compare_swap(&arr[1], &arr[2]);
   54   1          compare_swap(&arr[2], &arr[3]);
   55   1          compare_swap(&arr[3], &arr[4]);
   56   1          compare_swap(&arr[4], &arr[5]);
C251 COMPILER V5.60.0,  aoi_function                                                       24/03/26  18:54:37  PAGE 2   

   57   1          compare_swap(&arr[5], &arr[6]);
   58   1                      
   59   1                      
   60   1                      return arr[3];
   61   1      }


Module Information          Static   Overlayable
------------------------------------------------
  code size            =    ------     ------
  ecode size           =      1048     ------
  data size            =    ------     ------
  idata size           =    ------     ------
  pdata size           =    ------     ------
  xdata size           =        18     ------
  xdata-const size     =    ------     ------
  edata size           =    ------     ------
  bit size             =    ------     ------
  ebit size            =    ------     ------
  bitaddressable size  =    ------     ------
  ebitaddressable size =    ------     ------
  far data size        =    ------     ------
  huge data size       =    ------     ------
  const size           =    ------     ------
  hconst size          =    ------     ------
End of Module Information.


C251 COMPILATION COMPLETE.  0 WARNING(S),  0 ERROR(S)
