C251 COMPILER V5.60.0,  IMU                                                                24/03/26  18:54:37  PAGE 1   


C251 COMPILER V5.60.0, COMPILATION OF MODULE IMU
OBJECT MODULE PLACED IN .\out_file\IMU.obj
COMPILER INVOKED BY: D:\Keil5\C251\BIN\C251.EXE ..\code\IMU.c LARGE FLOAT64 ROM(HUGE) WARNINGLEVEL(3) OPTIMIZE(0,SIZE) B
                    -ROWSE INCDIR(..\..\libraries\zf_common;..\..\libraries\zf_components;..\..\libraries\zf_device;..\..\libraries\zf_driver
                    -;..\user;..\code;..\..\libraries\zf_components\stc32g_usb_lib;..\..\libraries\zf_components\seekfree_assistant) DEBUG PR
                    -INT(.\out_file\IMU.lst) OBJECT(.\out_file\IMU.obj) 

stmt  level    source

    1          #include "zf_common_headfile.h"
    2          #include "IMU.h"
    3          float gyro_z[2]={0}, next_gyro_z=0;                     //(굳꿎)Z菉실醵똑
    4          float angle_ringR=0;
    5          
    6          float null_drift_z=0;   //쥐특
    7          float avl_gyro_z=0;   //꿎좆
    8          
    9          
   10          
   11          
   12          
   13          /****************실똑삿혤****************/
   14          
   15          void tuoluo_init(void)
   16          {
   17   1      //      icm42688_init();
   18   1              imu660ra_init();
   19   1      //      icm20602_init();
   20   1      
   21   1              
   22   1      }
   23          
   24          void gyroscope_get_gyro(void)
   25          {
   26   1              
   27   1              
   28   1      //      icm20602_get_gyro();
   29   1      
   30   1      //      gyro_z[0] = 0.9*(-icm20602_gyro_z)+0.1*gyro_z[1];
   31   1      //      
   32   1              
   33   1              
   34   1              
   35   1              
   36   1              imu660ra_get_gyro();
   37   1              gyro_z[0] = 0.9*(-imu660ra_gyro_z)+0.1*gyro_z[1];
   38   1              
   39   1              
   40   1              
   41   1              gyro_z[1] = gyro_z[0];
   42   1              next_gyro_z = imu660ra_gyro_transition(gyro_z[0]);
   43   1              
   44   1              avl_gyro_z = next_gyro_z - null_drift_z;
   45   1              
   46   1              
   47   1              angle_get();
   48   1      
   49   1      }
   50          
   51          void angle_get(void)
   52          {
   53   1              angle_ringR+=0.005*avl_gyro_z;
   54   1      }
   55          
   56          void angle_clear(void)
C251 COMPILER V5.60.0,  IMU                                                                24/03/26  18:54:37  PAGE 2   

   57          {
   58   1              angle_ringR=0;
   59   1      }
   60          
   61          
   62          int8 null_drift_calculate(void)
   63          {
   64   1              static int16 cnt_null=0;
   65   1              static float temp=0;
   66   1              static int8 ret=0;
   67   1              
   68   1              //꽃섞鑒앴
   69   1      //      
   70   1              
   71   1              temp += next_gyro_z;
   72   1                      
   73   1              cnt_null++;
   74   1              if(cnt_null>=200)
   75   1              {
   76   2                      null_drift_z = temp/200;
   77   2                      ret = 1;
   78   2                      angle_clear();
   79   2              }
   80   1              
   81   1              return ret;
   82   1      }


Module Information          Static   Overlayable
------------------------------------------------
  code size            =    ------     ------
  ecode size           =       390     ------
  data size            =    ------     ------
  idata size           =    ------     ------
  pdata size           =    ------     ------
  xdata size           =        31     ------
  xdata-const size     =    ------     ------
  edata size           =    ------     ------
  bit size             =    ------     ------
  ebit size            =    ------     ------
  bitaddressable size  =    ------     ------
  ebitaddressable size =    ------     ------
  far data size        =    ------     ------
  huge data size       =    ------     ------
  const size           =    ------     ------
  hconst size          =        71     ------
End of Module Information.


C251 COMPILATION COMPLETE.  0 WARNING(S),  0 ERROR(S)
