C251 COMPILER V5.60.0,  Logic                                                              24/03/26  18:54:37  PAGE 1   


C251 COMPILER V5.60.0, COMPILATION OF MODULE Logic
OBJECT MODULE PLACED IN .\out_file\Logic.obj
COMPILER INVOKED BY: D:\Keil5\C251\BIN\C251.EXE ..\code\Logic.c LARGE FLOAT64 ROM(HUGE) WARNINGLEVEL(3) OPTIMIZE(0,SIZE)
                    - BROWSE INCDIR(..\..\libraries\zf_common;..\..\libraries\zf_components;..\..\libraries\zf_device;..\..\libraries\zf_driv
                    -er;..\user;..\code;..\..\libraries\zf_components\stc32g_usb_lib;..\..\libraries\zf_components\seekfree_assistant) DEBUG 
                    -PRINT(.\out_file\Logic.lst) OBJECT(.\out_file\Logic.obj) 

stmt  level    source

    1          #include "zf_common_headfile.h"


Module Information          Static   Overlayable
------------------------------------------------
  code size            =    ------     ------
  ecode size           =    ------     ------
  data size            =    ------     ------
  idata size           =    ------     ------
  pdata size           =    ------     ------
  xdata size           =    ------     ------
  xdata-const size     =    ------     ------
  edata size           =    ------     ------
  bit size             =    ------     ------
  ebit size            =    ------     ------
  bitaddressable size  =    ------     ------
  ebitaddressable size =    ------     ------
  far data size        =    ------     ------
  huge data size       =    ------     ------
  const size           =    ------     ------
  hconst size          =    ------     ------
End of Module Information.


C251 COMPILATION COMPLETE.  0 WARNING(S),  0 ERROR(S)
