C251 COMPILER V5.60.0,  ADC                                                                01/04/26  17:02:25  PAGE 1   


C251 COMPILER V5.60.0, COMPILATION OF MODULE ADC
OBJECT MODULE PLACED IN .\out_file\ADC.obj
COMPILER INVOKED BY: D:\Keil5\C251\BIN\C251.EXE ..\code\ADC.c LARGE FLOAT64 ROM(HUGE) WARNINGLEVEL(3) OPTIMIZE(0,SIZE) B
                    -ROWSE INCDIR(..\..\libraries\zf_common;..\..\libraries\zf_components;..\..\libraries\zf_device;..\..\libraries\zf_driver
                    -;..\user;..\code;..\..\libraries\zf_components\stc32g_usb_lib;..\..\libraries\zf_components\seekfree_assistant) DEBUG PR
                    -INT(.\out_file\ADC.lst) OBJECT(.\out_file\ADC.obj) 

stmt  level    source

    1          #include "bsp_system.h"
    2          
    3          //ADC para Control Area//
    4          
    5          #define CHANNEL_NUMBER          (3)
    6          #define ADC_CHANNEL1            ( ADC2_CH5_P05 )
    7          #define ADC_CHANNEL2            ( ADC2_CH6_P06 )
    8          #define ADC_CHANNEL3            ( ADC2_CH7_P07 )  
    9          
   10          float L=0,M=0,R=0;
   11          float ADC_temp[3] = {0};
   12          
   13          //ADC para Control Area//
   14          uint8 channel_index = 0;
   15          adc_channel_enum channel_list[CHANNEL_NUMBER] =
   16          {
   17              ADC_CHANNEL1, 
   18              ADC_CHANNEL2, 
   19              ADC_CHANNEL3, 
   20          };
   21          void my_ADC_Init(void)
   22          {
   23   1          adc_init(ADC_CHANNEL1, ADC_10BIT);          // 初始化对应 ADC 通道为对应精度
   24   1          adc_init(ADC_CHANNEL2, ADC_10BIT);          // 初始化对应 ADC 通道为对应精度
   25   1          adc_init(ADC_CHANNEL3, ADC_10BIT);          // 初始化对应 ADC 通道为对应精度
   26   1      }
   27          /************电磁采样************/
   28          //以下代码均为ADC采样滤波算法//
   29          uint16 adc_sample(adc_channel_enum ch)
   30          {
   31   1              uint16 temp,sum=0;
   32   1              uint16 max,min;
   33   1              uint8 i;
   34   1              
   35   1              temp = adc_convert(ch);
   36   1              max = temp;
   37   1              min = temp;
   38   1              sum += temp;
   39   1      
   40   1              for(i=0;i<10;i++)
   41   1              {
   42   2                      temp = adc_convert(ch);
   43   2                      if(max<temp){max = temp;}
   44   2                      if(min>temp){min = temp;}
   45   2                      sum += temp;
   46   2              }
   47   1              
   48   1              temp = (sum-max-min) / (11-2);
   49   1              
   50   1              return temp;
   51   1      }
   52          
   53          uint16 adc_sample_b(adc_channel_enum ch)
   54          {
   55   1              uint16 temp,sum=0;
   56   1              uint16 max,min;
C251 COMPILER V5.60.0,  ADC                                                                01/04/26  17:02:25  PAGE 2   

   57   1              uint8 i;
   58   1              
   59   1              temp = adc_mid_sample(ch);
   60   1              max = temp;
   61   1              min = temp;
   62   1              sum += temp;
   63   1      
   64   1              for(i=1;i<=7;i++)
   65   1              {
   66   2                      temp = adc_mid_sample(ch);
   67   2                      if(max<temp){max = temp;}
   68   2                      if(min>temp){min = temp;}
   69   2                      sum += temp;
   70   2              }
   71   1              
   72   1              temp = (sum-max-min) / (8-2);
   73   1              
   74   1              return temp;
   75   1      }
   76          
   77          
   78          uint16 adc_sample_a(adc_channel_enum ch)
   79          {
   80   1              uint8 i;
   81   1              uint16 arr[7];
   82   1              
   83   1              for(i=0;i<ADC_Sample_Num;i++)
   84   1              {
   85   2                      arr[i] = adc_convert(ch);
   86   2              }
   87   1              
   88   1              arr[0] = sort_seven(arr);       
   89   1              return arr[0];
   90   1      }
   91          
   92          
   93          uint16 adc_mid_sample(adc_channel_enum ch)//三次取中值
   94          {
   95   1          uint16 i,j,k,tmp;
   96   1          //sample 3 times
   97   1          i = adc_convert(ch);
   98   1          j = adc_convert(ch);
   99   1          k = adc_convert(ch);
  100   1          //  select mid value
  101   1          if(i > j){
  102   2              tmp = i;
  103   2              i = j;
  104   2              j = tmp;
  105   2          }
  106   1          if(k > j){
  107   2              tmp = j;
  108   2          }
  109   1          else if(k > i){
  110   2              tmp = k;
  111   2          }
  112   1          else{
  113   2              tmp = i;
  114   2          }
  115   1          return tmp;
  116   1      }
  117          
  118          void siai_adc_all_sample(void)
  119          {
  120   1              ADC_temp[0] = adc_sample(ADC_CHANNEL1 );
  121   1              ADC_temp[1] = adc_sample(ADC_CHANNEL2 );
  122   1              ADC_temp[2] = adc_sample(ADC_CHANNEL3 );
C251 COMPILER V5.60.0,  ADC                                                                01/04/26  17:02:25  PAGE 3   

  123   1      
  124   1      
  125   1      }
  126          //归一化
  127          void adc_normalizing(void)
  128          {
  129   1              //归一化
  130   1      //      L  = 100*(ADC_temp[0]-0)/(600-0);
  131   1      //  LM = 100*(ADC_temp[1]-0)/(600-0);
  132   1      //      M  = 100*(ADC_temp[2]-0)/(600-0);
  133   1      //  RM = 100*(ADC_temp[3]-0)/(600-0);
  134   1      //      R  = 100*(ADC_temp[4]-0)/(600-0);
  135   1              
  136   1              
  137   1       
  138   1              L  = 100*(ADC_temp[0]-0)/(600-0);
  139   1      //  LM = 100*(ADC_temp[1]-0)/(600-0);
  140   1              M  = 100*(ADC_temp[1]-0)/(600-0);
  141   1      //      RM = 100*(ADC_temp[3]-0)/(600-0);
  142   1              R  = 100*(ADC_temp[2]-0)/(600-0);
  143   1              
  144   1              
  145   1              
  146   1      
  147   1              //输入限幅
  148   1              if(L >100){L =100;}
  149   1      //      if(LM>100){LM=100;}
  150   1              if(M >100){M =100;}
  151   1      //      if(RM>100){RM=100;}
  152   1              if(R >100){R =100;}
  153   1      }
  154          //电压采集//
  155          //以下电压采集权重需要根据实际情况进行评估//
  156          float adc_v_sample(float v_next)
  157          {
  158   1              static float v,last_v=0;
  159   1              v = v_next;
  160   1              v = v*0.014648*4;
  161   1              
  162   1              
  163   1              v = 0.1*v + 0.90*last_v;
  164   1              last_v = v;
  165   1              
  166   1              return v;
  167   1      }
  168          
  169          float adc_v_sample_2(float v_next)
  170          {
  171   1              static float v,last_v=0;
  172   1              v = v_next;
  173   1              v = v*0.038671;
  174   1              
  175   1              
  176   1              v = 0.5*v + 0.5*last_v;
  177   1              last_v = v;
  178   1              
  179   1              return v;
  180   1      }
  181                  
  182          float adc_v_sample_3(float v_next)
  183          {
  184   1              static float v,last_v=0;
  185   1              v = v_next;
  186   1              v = v*0.038671;
  187   1              
  188   1              
C251 COMPILER V5.60.0,  ADC                                                                01/04/26  17:02:25  PAGE 4   

  189   1              v = 0.1*v + 0.9*last_v;
  190   1              last_v = v;
  191   1              
  192   1              return v;
  193   1      }
  194          
  195          float adc_v_sample_4(float v_next)
  196          {
  197   1              static float v,last_v=0;
  198   1      
  199   1              v = v_next;
  200   1      
  201   1              v = v*0.038671;
  202   1              
  203   1              
  204   1              v = 0.05*v + 0.95*last_v;
  205   1              last_v = v;
  206   1              
  207   1              return v;
  208   1      }
  209          void debug_adc(void)
  210                  {
  211   1              for(channel_index = 0; channel_index < CHANNEL_NUMBER; channel_index ++)
  212   1              {
  213   2                  printf(
  214   2                      "ADC channel %d convert data is %d.\r\n",
  215   2                      channel_index + 1,
  216   2                      adc_convert(channel_list[channel_index]));                      // 循环输出单次转换结果
  217   2              }
  218   1              system_delay_ms(500);
  219   1      
  220   1              for(channel_index = 0; channel_index < CHANNEL_NUMBER; channel_index ++)
  221   1              {
  222   2                  printf(
  223   2                      "ADC channel %d mean filter convert data is %d.\r\n",
  224   2                      channel_index + 1,
  225   2                      adc_mean_filter_convert(channel_list[channel_index], 10));      // 循环输出 10 次均值滤波
             -转换结果
  226   2              }
  227   1              system_delay_ms(500);
  228   1              
  229   1              
  230   1              }


Module Information          Static   Overlayable
------------------------------------------------
  code size            =    ------     ------
  ecode size           =      2175     ------
  data size            =    ------     ------
  idata size           =    ------     ------
  pdata size           =    ------     ------
  xdata size           =       128     ------
  xdata-const size     =    ------     ------
  edata size           =    ------     ------
  bit size             =    ------     ------
  ebit size            =    ------     ------
  bitaddressable size  =    ------     ------
  ebitaddressable size =    ------     ------
  far data size        =    ------     ------
  huge data size       =    ------     ------
  const size           =    ------     ------
  hconst size          =       183     ------
End of Module Information.


C251 COMPILATION COMPLETE.  0 WARNING(S),  0 ERROR(S)
