C251 COMPILER V5.60.0,  IMU                                                                28/03/26  20:52:01  PAGE 1   


C251 COMPILER V5.60.0, COMPILATION OF MODULE IMU
OBJECT MODULE PLACED IN .\out_file\IMU.obj
COMPILER INVOKED BY: D:\Keil5\C251\BIN\C251.EXE ..\code\IMU.c LARGE FLOAT64 ROM(HUGE) WARNINGLEVEL(3) OPTIMIZE(0,SIZE) B
                    -ROWSE INCDIR(..\..\libraries\zf_common;..\..\libraries\zf_components;..\..\libraries\zf_device;..\..\libraries\zf_driver
                    -;..\user;..\code;..\..\libraries\zf_components\stc32g_usb_lib;..\..\libraries\zf_components\seekfree_assistant) DEBUG PR
                    -INT(.\out_file\IMU.lst) OBJECT(.\out_file\IMU.obj) 

stmt  level    source

    1          #include "bsp_system.h"
    2          float gyro_z[2]={0}, next_gyro_z=0;                     //(±ª≤‚)Z÷·Ω«ÀŸ∂»
    3          float angle_ringR=0;
    4          
    5          float null_drift_z=0;   //¡„∆Ø
    6          float avl_gyro_z=0;   //≤‚¡ø
    7          
    8          
    9          
   10          
   11          
   12          /****************Ω«∂»ªÒ»°****************/
   13          
   14          void tuoluo_init(void)
   15          {
   16   1      //      icm42688_init();
   17   1              imu660ra_init();
   18   1      //      icm20602_init();
   19   1      
   20   1              
   21   1      }
   22          
   23          void gyroscope_get_gyro(void)
   24          {
   25   1              
   26   1              
   27   1      //      icm20602_get_gyro();
   28   1      
   29   1      //      gyro_z[0] = 0.9*(-icm20602_gyro_z)+0.1*gyro_z[1];
   30   1      //      
   31   1              
   32   1              
   33   1              
   34   1              
   35   1              imu660ra_get_gyro();
   36   1              gyro_z[0] = 0.9*(-imu660ra_gyro_z)+0.1*gyro_z[1];
   37   1              
   38   1              
   39   1              
   40   1              gyro_z[1] = gyro_z[0];
   41   1              next_gyro_z = imu660ra_gyro_transition(gyro_z[0]);
   42   1              
   43   1              avl_gyro_z = next_gyro_z - null_drift_z;
   44   1              
   45   1              
   46   1              angle_get();
   47   1      
   48   1      }
   49          
   50          void angle_get(void)
   51          {
   52   1              angle_ringR+=0.005*avl_gyro_z;
   53   1      }
   54          
   55          void angle_clear(void)
   56          {
C251 COMPILER V5.60.0,  IMU                                                                28/03/26  20:52:01  PAGE 2   

   57   1              angle_ringR=0;
   58   1      }
   59          
   60          
   61          int8 null_drift_calculate(void)
   62          {
   63   1              static int16 cnt_null=0;
   64   1              static float temp=0;
   65   1              static int8 ret=0;
   66   1              
   67   1              //≤…ºØ ˝æð
   68   1      //      
   69   1              
   70   1              temp += next_gyro_z;
   71   1                      
   72   1              cnt_null++;
   73   1              if(cnt_null>=200)
   74   1              {
   75   2                      null_drift_z = temp/200;
   76   2                      ret = 1;
   77   2                      angle_clear();
   78   2              }
   79   1              
   80   1              return ret;
   81   1      }


Module Information          Static   Overlayable
------------------------------------------------
  code size            =    ------     ------
  ecode size           =       390     ------
  data size            =    ------     ------
  idata size           =    ------     ------
  pdata size           =    ------     ------
  xdata size           =        31     ------
  xdata-const size     =    ------     ------
  edata size           =    ------     ------
  bit size             =    ------     ------
  ebit size            =    ------     ------
  bitaddressable size  =    ------     ------
  ebitaddressable size =    ------     ------
  far data size        =    ------     ------
  huge data size       =    ------     ------
  const size           =    ------     ------
  hconst size          =        71     ------
End of Module Information.


C251 COMPILATION COMPLETE.  0 WARNING(S),  0 ERROR(S)
