C251 COMPILER V5.60.0,  main                                                               01/05/26  15:28:44  PAGE 1   


C251 COMPILER V5.60.0, COMPILATION OF MODULE main
OBJECT MODULE PLACED IN .\out_file\main.obj
COMPILER INVOKED BY: D:\Software\Keil5\C251\BIN\C251.EXE ..\user\main.c LARGE FLOAT64 ROM(HUGE) WARNINGLEVEL(3) OPTIMIZE
                    -(0,SIZE) BROWSE INCDIR(..\..\libraries\zf_common;..\..\libraries\zf_components;..\..\libraries\zf_device;..\..\libraries
                    -\zf_driver;..\user;..\code;..\..\libraries\zf_components\stc32g_usb_lib;..\..\libraries\zf_components\seekfree_assistant
                    -) DEBUG PRINT(.\out_file\main.lst) OBJECT(.\out_file\main.obj) 

stmt  level    source

    1          /********************************************************************************************************
             -*************
    2           * STC32G144K Opensourec Library МДЃЈSTC32G144K ПЊдДПтЃЉЪЧвЛИіЛљгкЙйЗН SDK НгПкЕФЕкШ§ЗНПЊдДПт
    3           * Copyright (c) 2025 SEEKFREE ж№ЗЩПЦММ
    4           *
    5           * БОЮФМўЪЧSTC32G144KПЊдДПтЕФвЛВПЗж
    6           *
    7           * STC32G144K ПЊдДПт ЪЧУтЗбШэМў
    8           * ФњПЩвдИљОнздгЩШэМўЛљН№ЛсЗЂВМЕФ GPLЃЈGNU General Public LicenseЃЌМД GNUЭЈгУЙЋЙВаэПЩжЄЃЉЕФЬѕПю
    9           * МД GPL ЕФЕк3АцЃЈМД GPL3.0ЃЉЛђЃЈФњбЁдёЕФЃЉШЮКЮКѓРДЕФАцБОЃЌжиаТЗЂВМКЭ/ЛђаоИФЫќ
   10           *
   11           * БОПЊдДПтЕФЗЂВМЪЧЯЃЭћЫќФмЗЂЛгзїгУЃЌЕЋВЂЮДЖдЦфзїШЮКЮЕФБЃжЄ
   12           * ЩѕжСУЛгавўКЌЕФЪЪЯњадЛђЪЪКЯЬиЖЈгУЭОЕФБЃжЄ
   13           * ИќЖрЯИНкЧыВЮМћ GPL
   14           *
   15           * ФњгІИУдкЪеЕНБОПЊдДПтЕФЭЌЪБЪеЕНвЛЗн GPL ЕФИББО
   16           * ШчЙћУЛгаЃЌЧыВЮдФ<https://www.gnu.org/licenses/>
   17           *
   18           * ЖюЭтзЂУїЃК
   19           * БОПЊдДПтЪЙгУ GPL3.0 ПЊдДаэПЩжЄа­вщ вдЩЯаэПЩЩъУїЮЊвыЮФАцБО
   20           * аэПЩЩъУїгЂЮФАцдк libraries/doc ЮФМўМаЯТЕФ GPL3_permission_statement.txt ЮФМўжа
   21           * аэПЩжЄИББОдк libraries ЮФМўМаЯТ МДИУЮФМўМаЯТЕФ LICENSE ЮФМў
   22           * ЛЖг­ИїЮЛЪЙгУВЂДЋВЅБОГЬађ ЕЋаоИФФкШнЪББиаыБЃСєж№ЗЩПЦММЕФАцШЈЩљУїЃЈМДБОЩљУїЃЉ
   23           *
   24           * ЮФМўУћГЦ
   25           * ЙЋЫОУћГЦ          ГЩЖМж№ЗЩПЦММгаЯоЙЋЫО
   26           * АцБОаХЯЂ          ВщПД libraries/doc ЮФМўМаФк version ЮФМў АцБОЫЕУї
   27           * ПЊЗЂЛЗОГ          MDK FOR C251
   28           * ЪЪгУЦНЬЈ          STC32G144K
   29           * ЕъЦЬСДНг          https://seekfree.taobao.com/
   30           *
   31           * аоИФМЧТМ
   32           * ШеЦк              зїеп           БИзЂ
   33           * 2025-11-20        ДѓW            first version
   34           ********************************************************************************************************
             -************/
   35          #include "bsp_system.h"
   36          // #include "PD_ENC_SDI.h"
   37          // #include "var.h"
   38          // #include "Motor.h"
   39          // #include "ADC.h"
   40          void Pit_funciton(void);
   41          void Pit_Steering_PD(void);
   42          #define PIT_CH (TIM1_PIT)
   43          #define LED1 IO_P52
   44          
   45          // ЭгТнвЧаЭКХЮЊIMU963RA вђМцШнадИФЮЊIMU660RB//
   46          
   47          void main(void)
   48          {
   49   1      
   50   1              clock_init(SYSTEM_CLOCK_96M); // ЪБжгХфжУМАЯЕЭГГѕЪМЛЏ<ЮёБиБЃСє>
   51   1              debug_init();                             // ЕїЪдДЎПкаХЯЂГѕЪМЛЏ
   52   1              Module_Init();
   53   1      
   54   1              // ЩшжУDEBUGДЎПкЪфГі
C251 COMPILER V5.60.0,  main                                                               01/05/26  15:28:44  PAGE 2   

   55   1              seekfree_assistant_interface_init(SEEKFREE_ASSISTANT_DEBUG_UART);
   56   1              gpio_init(LED1, GPO, GPIO_HIGH, GPO_PUSH_PULL);
   57   1              // ДЫДІБраДгУЛЇДњТы Р§ШчЭтЩшГѕЪМЛЏДњТыЕШ
   58   1              pit_ms_init(TIM1_PIT, 5, Pit_Steering_PD);
   59   1              pit_ms_init(TIM2_PIT, 2, Pit_funciton);
   60   1              // pit_ms_init(TIM2_PIT, 5, gyroscope_get_gyro);
   61   1      
   62   1              // ДЫДІБраДгУЛЇДњТы Р§ШчЭтЩшГѕЪМЛЏДњТыЕШ
   63   1      
   64   1              // ДЫДІБраДгУЛЇДњТы Р§Шчd\n", duty);  // ЪфГіБрТыЦїМЦЪ§аХЯЂ
   65   1                      // printf("Speed_loop_Kp:%.2f\n",pid_loop_speed.Kp);
   66   1                      // printf("Speed_loop_Ki:%.2f\n",pid_loop_speed.Ki);
   67   1      
   68   1              while (1)
   69   1              {
   70   2      
   71   2                      seekfree_assistant_data_analysis();
   72   2      
   73   2                      //TFT_Debug();
   74   2                      //printf("duty:%d",duty);
   75   2                      printf("expect_gyro:%.2f\n",expect_gyro);
   76   2                      printf("speed_R:%.2f,speed_L:%.2f,out_R:%.2f,out_L:%.2f\n", speed_R,speed_L, out_R,out_L); // ЪфГіБрТыЦ
             -їМЦЪ§аХЯЂ
   77   2                      Motor_fuya();
   78   2                      Motor_L(3000);
   79   2                      Motor_R(3000);
   80   2                      //      printf("Raw_L:%.2f,Raw_LM:%.2f,Raw_RM:%.2f,Raw_R:%.2f\n", ADC_temp[0], ADC_temp[1],ADC_temp[2],ADC_
             -temp[3]);
   81   2                      //      printf("Raw_L:%.2f,Raw_LM:%.2f,Raw_RM:%.2f,Raw_R:%.2f\n", L, LM, RM, R);
   82   2                      //printf("err_position:%.2f\n", err_position);
   83   2                      //pid_motor_run.Kp = seekfree_assistant_parameter[2];
   84   2                      //pid_motor_run.Kd = seekfree_assistant_parameter[3];
   85   2                      // printf("place_Kp:%.2f, place_kd:%.2f\n", pid_motor_run.Kp, pid_motor_run.Kd);
   86   2                      // printf("gyro_z_data:%.2f\n", avl_gyro_z);
   87   2                      gpio_toggle_level(LED1);
   88   2                      // Motor_Control();
   89   2                      system_delay_ms(200);
   90   2              }
   91   1              // ДЫДІБраДашвЊб­ЛЗжДааЕФДњТы
   92   1      }
   93          void Pit_funciton()
   94          {
   95   1              encoder_update();
   96   1              Electromagnetic_Logic();
   97   1              // 0-ЛёШЁЪ§Он
   98   1              // loop_speed_LR(20, 20);
   99   1              // loop_speed_LR(0, 0);
  100   1               //Task_Run();
  101   1      
  102   1              // Motor_R(out_R);
  103   1              // Motor_L(out_L);
  104   1              Key_Case();
  105   1              //Run_Out_Protect();
  106   1      }
  107          void Pit_Steering_PD(void)
  108          {
  109   1              direction_return(deviation);
  110   1      
  111   1      }


Module Information          Static   Overlayable
------------------------------------------------
  code size            =    ------     ------
  ecode size           =       478     ------
  data size            =    ------     ------
  idata size           =    ------     ------
C251 COMPILER V5.60.0,  main                                                               01/05/26  15:28:44  PAGE 3   

  pdata size           =    ------     ------
  xdata size           =    ------     ------
  xdata-const size     =    ------     ------
  edata size           =    ------     ------
  bit size             =    ------     ------
  ebit size            =    ------     ------
  bitaddressable size  =    ------     ------
  ebitaddressable size =    ------     ------
  far data size        =    ------     ------
  huge data size       =    ------     ------
  const size           =    ------     ------
  hconst size          =        69     ------
End of Module Information.


C251 COMPILATION COMPLETE.  0 WARNING(S),  0 ERROR(S)
