C251 COMPILER V5.60.0,  TFT                                                                29/04/26  14:50:11  PAGE 1   


C251 COMPILER V5.60.0, COMPILATION OF MODULE TFT
OBJECT MODULE PLACED IN .\out_file\TFT.obj
COMPILER INVOKED BY: D:\Software\Keil5\C251\BIN\C251.EXE ..\code\TFT.c LARGE FLOAT64 ROM(HUGE) WARNINGLEVEL(3) OPTIMIZE(
                    -0,SIZE) BROWSE INCDIR(..\..\libraries\zf_common;..\..\libraries\zf_components;..\..\libraries\zf_device;..\..\libraries\
                    -zf_driver;..\user;..\code;..\..\libraries\zf_components\stc32g_usb_lib;..\..\libraries\zf_components\seekfree_assistant)
                    - DEBUG PRINT(.\out_file\TFT.lst) OBJECT(.\out_file\TFT.obj) 

stmt  level    source

    1          #include "bsp_system.h"
    2          void TFT_Debug(void)
    3          {
    4   1          //          tft180_clear(RGB565_WHITE);                                                     //清屏
    5   1          tft180_show_string(0, 16 * 0, "SDI_L:");      // 显示字符串
    6   1          tft180_show_float(60, 16 * 0, speed_L, 3, 2); // 显示一个16位无符号整数
    7   1          tft180_show_string(0, 16 * 1, "SDI_R:");      // 显示字符串
    8   1          tft180_show_float(60, 16 * 1, speed_R, 3, 2); // 显示一个16位无符号整数
    9   1          // 电磁传感器显示//
   10   1          tft180_show_string(0, 16 * 2, "expect_gyro:");  // 显示字符串
   11   1          tft180_show_float(60, 16 * 2, expect_gyro, 3, 2);     // 显示一个16位无符号整数
   12   1          tft180_show_string(0, 16 * 3, "out_L:");  // 显示字符串
   13   1          tft180_show_float(60, 16 * 3, out_L, 4, 0);     // 显示一个16位无符号整数
   14   1          tft180_show_string(0, 16 * 4, "out_R:");  // 显示字符串
   15   1          tft180_show_float(60, 16 * 4, out_R, 4, 0);     // 显示一个16位无符号整数
   16   1          tft180_show_string(0, 16 * 5, "Kp:");  // 显示字符串    
   17   1          tft180_show_float(60, 16 * 5, pid_motor_run.Kp, 3, 2);     // 显示一个16位无符号整数
   18   1          tft180_show_string(0, 16 * 6, "Kd:");  // 显示字符串
   19   1          tft180_show_float(60, 16 * 6, pid_motor_run.Kd, 3, 2);     // 显示一个16位无符号整数
   20   1          // tft180_show_string(0, 16 * 2, "L:");  // 显示字符串
   21   1          // tft180_show_float(60, 16 * 2, L, 3, 2);     // 显示一个16位无符号整数
   22   1          // tft180_show_string(0, 16 * 3, "LM:"); // 显示字符串
   23   1          // tft180_show_float(60, 16 * 3, LM, 3, 2);    // 显示一个16位无符号整数
   24   1          // tft180_show_string(0, 16 * 4, "RM:"); // 显示字符串
   25   1          // tft180_show_float(60, 16 * 4, RM, 3, 2);    // 显示一个16位无符号整数
   26   1          // tft180_show_string(0, 16 * 5, "R:");  // 显示字符串
   27   1          // tft180_show_float(60, 16 * 5, R, 3, 2);     // 显示电磁传感器各路数据
   28   1          // tft180_show_uint16(0, 16*1, 111);                        //显示一个16位无符号整数
   29   1          // tft180_show_int32(0, 16 * 2, 222, 3);      // 显示一个32位有符号数  并去除无效0
   30   1          // tft180_show_int32(0, 16 * 3, -333, 3);     // 显示一个32位有符号数  并去除无效0
   31   1          // tft180_show_float(0, 16 * 4, 56.35, 3, 1); // 显示一个浮点数        并去除整数部分无效0
   32   1          // 以上函数x坐标设置是以像素为单位   y坐标是以字符为单位
   33   1      
   34   1          // 以下为色彩测试，红绿蓝全屏各显示一秒。
   35   1          //          system_delay_ms(2000);                                                          //延时1秒
   36   1          //          tft180_clear(RGB565_RED);
   37   1          //          system_delay_ms(1000);                                                          //延时1秒
   38   1          //          tft180_clear(RGB565_GREEN);
   39   1          //          system_delay_ms(1000);                                                          //延时1秒
   40   1          //          tft180_clear(RGB565_BLUE);
   41   1          //          system_delay_ms(1000);                                                          //延时1秒
   42   1          // 此处编写需要循环执行的代码
   43   1      }


Module Information          Static   Overlayable
------------------------------------------------
  code size            =    ------     ------
  ecode size           =       464     ------
  data size            =    ------     ------
  idata size           =    ------     ------
  pdata size           =    ------     ------
  xdata size           =    ------     ------
  xdata-const size     =    ------     ------
  edata size           =    ------     ------
  bit size             =    ------     ------
  ebit size            =    ------     ------
C251 COMPILER V5.60.0,  TFT                                                                29/04/26  14:50:11  PAGE 2   

  bitaddressable size  =    ------     ------
  ebitaddressable size =    ------     ------
  far data size        =    ------     ------
  huge data size       =    ------     ------
  const size           =    ------     ------
  hconst size          =        49     ------
End of Module Information.


C251 COMPILATION COMPLETE.  0 WARNING(S),  0 ERROR(S)
