C251 COMPILER V5.60.0,  Tracing                                                            29/04/26  17:57:32  PAGE 1   


C251 COMPILER V5.60.0, COMPILATION OF MODULE Tracing
OBJECT MODULE PLACED IN .\out_file\Tracing.obj
COMPILER INVOKED BY: D:\Software\Keil5\C251\BIN\C251.EXE ..\code\Tracing.c LARGE FLOAT64 ROM(HUGE) WARNINGLEVEL(3) OPTIM
                    -IZE(0,SIZE) BROWSE INCDIR(..\..\libraries\zf_common;..\..\libraries\zf_components;..\..\libraries\zf_device;..\..\librar
                    -ies\zf_driver;..\user;..\code;..\..\libraries\zf_components\stc32g_usb_lib;..\..\libraries\zf_components\seekfree_assist
                    -ant) DEBUG PRINT(.\out_file\Tracing.lst) OBJECT(.\out_file\Tracing.obj) 

stmt  level    source

    1          #include "bsp_system.h"
    2          
    3          
    4          
    5          int16 speed_target = 0;
    6          
    7          struct PID pid_motor_run = {1,0,0};
    8          
    9          struct PID pid_loop_speed = {10,0.5};
   10          // struct PID pid_motor_run;
   11          float limit_gyro = 800;


Module Information          Static   Overlayable
------------------------------------------------
  code size            =    ------     ------
  ecode size           =    ------     ------
  data size            =    ------     ------
  idata size           =    ------     ------
  pdata size           =    ------     ------
  xdata size           =        54     ------
  xdata-const size     =    ------     ------
  edata size           =    ------     ------
  bit size             =    ------     ------
  ebit size            =    ------     ------
  bitaddressable size  =    ------     ------
  ebitaddressable size =    ------     ------
  far data size        =    ------     ------
  huge data size       =    ------     ------
  const size           =    ------     ------
  hconst size          =        74     ------
End of Module Information.


C251 COMPILATION COMPLETE.  0 WARNING(S),  0 ERROR(S)
