C251 COMPILER V5.60.0,  var                                                                26/03/26  19:48:35  PAGE 1   


C251 COMPILER V5.60.0, COMPILATION OF MODULE var
OBJECT MODULE PLACED IN .\out_file\var.obj
COMPILER INVOKED BY: D:\Keil5\C251\BIN\C251.EXE ..\code\var.c LARGE FLOAT64 ROM(HUGE) WARNINGLEVEL(3) OPTIMIZE(0,SIZE) B
                    -ROWSE INCDIR(..\..\libraries\zf_common;..\..\libraries\zf_components;..\..\libraries\zf_device;..\..\libraries\zf_driver
                    -;..\user;..\code;..\..\libraries\zf_components\stc32g_usb_lib;..\..\libraries\zf_components\seekfree_assistant) DEBUG PR
                    -INT(.\out_file\var.lst) OBJECT(.\out_file\var.obj) 

stmt  level    source

    1          #include "PID_Para.h"
    2          #include "PID.h"
    3          #include "adc.h"
    4          #include "motor.h"
    5          //P I D //P D                                                            // 160 180                     16  20
    6          struct PID pid_motor_straight={200,0,220  ,18,0,23};                    //琦샬
    7          struct PID pid_motor_turn=              {180,0,60   ,16,0,20};      //12 3
    8          struct PID pid_motor_ringR=             {750,0,45   ,16,0,20};
    9          
   10          struct PID pid_loop_speed_start=                {10,3};                                                                         //醵똑뻔
   11          struct PID pid_loop_speed_run=          {20,5};                                                                         //醵똑뻔
   12          
   13          struct PID pid_loop_angle_ring=         {50,0,0   ,16,0,20};                            //실똑뻔
   14          
   15          struct PID pid_loop_gyro=                 {0,0,0   ,16,0,20};                                   //실醵똑뻔
   16          
   17          float limit_gyro = 800;
   18          
   19          
   20          //轎뀌
   21          float err_dianci=0;
   22          float e3,e1;
   23          
   24          //2-琦샬(醵똑)
   25          struct PID pid_motor_run;
   26          struct PID pid_loop_speed = {10,3};                                                                             //醵똑뻔
   27          struct PID pid_loop_angle;                                                                                                              //실똑뻔
   28          struct PID pid_loop_angle_start={16,0,0   ,17,0,20};                            //실똑뻔
   29          
   30          
   31          
   32          int8  element = 0;
   33          int16 speed_target = 0;
   34          int16 speed_straight = 195;
   35          int16 speed_turn = 550;
   36          int16 speed_ringR = 190;
   37          float gyro_adv_out = 650;
   38          
   39          
   40          //뻔코학1
   41          int16 distance_ringR_1 = 2300;
   42          int16 gyro_ring_in = 550;
   43          int16 gyro_ring_middle =750;
   44          int16 gyro_ring_out = 500;
   45          
   46          //뻔琦샬2
   47          int16 distance_ringR_trace = 4000;
   48          int16 gyro_ring_in_trace = 600;
   49          int16 gyto_ring_out_trace = 650;
   50          
   51          
   52          float limit_gyro_t=850;
   53          
   54          float angle_start=70;
   55          
   56          //5-禱羹獵契
C251 COMPILER V5.60.0,  var                                                                26/03/26  19:48:35  PAGE 2   

   57          int16 ring_flag_ing=0,ringR_flag_task=1,ringR_flag_execute=1;
   58          int32 distance_ringR=0;
   59          int16 distance_ringR_target=2300;
   60          int8 turn_flag=0;
   61          
   62          float ring_L_L =55;
   63          float ring_L_M =80;
   64                                                                  
   65          float ring_R_M =80;
   66          float ring_R_R =55;
   67          
   68          
   69          
   70          float A_=45;   //45
   71          float B_=1;  //2
   72          float C_=0.15; //0.1
   73          float D_=7;    //7
   74          float K_=1;
   75          float F_=0.61;
   76          
   77          
   78          
   79          
   80          
   81          float A_dianci=0,B_dianci=0,C_dianci=0,all_dianci=0;
   82          
   83          float k=0;
   84          
   85          void dianci_xunji(void)
   86          {
   87   1              static int times=0,turn_flag_cnt=0;
   88   1              static float LRM_fabs;
   89   1              static float speed_temp;
   90   1              
   91   1              static float a=30;
   92   1              static float b=60;
   93   1              static float c=0,d=0,temp=0;
   94   1      
   95   1              //1-든늚쫀꺼渴흙
   96   1              siai_adc_all_sample();                                                  //櫓쇌틱엇쫀꺼
   97   1              adc_normalizing();                                                                      //든늚백寧뺏
   98   1              
   99   1              
  100   1              //2-err
  101   1      
  102   1                      LRM_fabs = RM-LM;
  103   1                      if(LRM_fabs<0){LRM_fabs = -LRM_fabs;}
  104   1                      
  105   1                      if(times == 0)
  106   1                      {
  107   2                              temp = 0.6/(b-a);
  108   2                              d = -a*temp;
  109   2                              c = temp;
  110   2                              times=1;
  111   2                      }
  112   1                      if(M>b){k=0.8;}
  113   1                      else if(M<a){k=0.2;}
  114   1                      else{k = c*M+d+0.2;}
  115   1                      
  116   1                      A_dianci =       K_*(R-L);
  117   1                      B_dianci = (1-k)*B_*(RM - LM);
  118   1                      C_dianci = (1-k)*C_*LRM_fabs;
  119   1      
  120   1                      
  121   1                      all_dianci = (L+R) + D_*M + C_dianci;
  122   1                      if(all_dianci<250){all_dianci=250;}
C251 COMPILER V5.60.0,  var                                                                26/03/26  19:48:35  PAGE 3   

  123   1                      
  124   1                      err_dianci = A_ * ( A_dianci + B_dianci )
  125   1                                                                                      / (all_dianci);
  126   1      
  127   1              
  128   1                      
  129   1              //3-禱羹털뙤
  130   1              
  131   1              if(M>ring_R_M && R>ring_R_R && ring_flag_ing==0)        //璘뻔돎
  132   1              {
  133   2                      if(Ring_choice == 1){element = 2;}
*** ERROR C67 IN LINE 133 OF ..\code\var.c: 'Ring_choice': undefined identifier
  134   2                      else(element = 4);
  135   2                      
  136   2                      turn_flag = 4;
  137   2              } 
  138   1              
  139   1              if(M>ring_L_M   && L>ring_L_L && ring_flag_ing==0)      //塘뻔돎
  140   1              {
  141   2                      if(Ring_choice == 1){element = 1;}
*** ERROR C67 IN LINE 141 OF ..\code\var.c: 'Ring_choice': undefined identifier
  142   2                      else(element = 3);                      
  143   2                      turn_flag = 5;
  144   2              }
  145   1              
  146   1              if(L+LM+RM+R<20)                                                                        //놔썹괏빱
  147   1              {element = 9;                   turn_flag = 9;}
  148   1      
  149   1      
  150   1              
  151   1              //4-琦샬頓契
  152   1              switch (element)
  153   1              {
  154   2                      case 0:                                                                                         /**攣끽琦샬**/
  155   2                              turn_flag=0;
  156   2                              pid_motor_run=pid_motor_straight;
  157   2                              speed_target = speed_straight;  
  158   2                              
  159   2                              direction_return(err_dianci);
  160   2      
  161   2                        if(correct_L>0)
  162   2                        {
  163   3                              loop_speed_LR(speed_target + small_t*correct_L,speed_target - large_t*correct_L);
  164   3                        
  165   3                        }
  166   2                        else
  167   2                        {
  168   3                              loop_speed_LR(speed_target + large_t*correct_L,speed_target - small_t*correct_L);
  169   3                        }
  170   2                           
  171   2                          //찹찹슉궐절
  172   2                          
  173   2                              motor_L(out_L);
*** WARNING C140 IN LINE 173 OF ..\code\var.c: 'motor_L' undefined; assuming 'extern int motor_L()'
*** WARNING C95 IN LINE 173 OF ..\code\var.c: 'motor_L': too many actual parameters
  174   2                  motor_R(out_R);
*** WARNING C140 IN LINE 174 OF ..\code\var.c: 'motor_R' undefined; assuming 'extern int motor_R()'
*** WARNING C95 IN LINE 174 OF ..\code\var.c: 'motor_R': too many actual parameters
  175   2                              
  176   2                              if(ring_flag_ing>0)
  177   2                              {
  178   3                               ring_flag_ing--;
  179   3                              }
  180   2                              break;
  181   2                              
  182   2                                      /**뻔돎훨蛟**/
C251 COMPILER V5.60.0,  var                                                                26/03/26  19:48:35  PAGE 4   

  183   2                      case 1:                                                 //塘뻔돎                                
  184   2                              ringR_task();
  185   2                              ringR_execute();
  186   2                              break;
  187   2                              
  188   2                      
  189   2                      case 2:                                                 //璘뻔돎
  190   2                              ringL_task();
  191   2                              ringL_execute();
  192   2                              break;
  193   2                      case 3:
  194   2                              ringR_task_trace();
  195   2                              ringR_execute_trace();
  196   2                              break;
  197   2                      case 4:
  198   2                              ringL_task_trace();
  199   2                              ringL_execute_trace();
  200   2                              break;
  201   2                      case 9:
  202   2      //                      speed_target = 0;
  203   2      //                      loop_speed();
  204   2                              
  205   2                              motor_L(0);
*** WARNING C95 IN LINE 205 OF ..\code\var.c: 'motor_L': too many actual parameters
  206   2                              motor_R(0);
*** WARNING C95 IN LINE 206 OF ..\code\var.c: 'motor_R': too many actual parameters
  207   2                              break;
  208   2                      default:break;
  209   2                      
  210   2              }
  211   1              
  212   1              
  213   1      }
  214          
  215          
  216          
  217          
  218          
  219          
  220          
  221          
  222                          /***************禱羹獵契**************/
  223          //뻔돎榴檄털뙤
  224          void ringR_task_trace(void)
  225          {
  226   1              switch(ringR_flag_task)
  227   1              {
  228   2                      case 1:                                                                                                 //1硫구쏵돎
  229   2                              ring_flag_ing =200;
  230   2                              ringR_flag_execute=1;
  231   2                              distance_ringR += speed_avl;
*** ERROR C67 IN LINE 231 OF ..\code\var.c: 'speed_avl': undefined identifier
  232   2                              if(distance_ringR>distance_ringR_trace)                                                 //2돕댐댔실듐
  233   2                              {       
  234   3                                      angle_ringR = 0;
*** ERROR C67 IN LINE 234 OF ..\code\var.c: 'angle_ringR': undefined identifier
  235   3                                      distance_ringR=0;
  236   3                                      ringR_flag_task=2;
  237   3                                      ringR_flag_execute=2;   
  238   3                                      angle_clear();  
*** WARNING C140 IN LINE 238 OF ..\code\var.c: 'angle_clear' undefined; assuming 'extern int angle_clear()'
  239   3                              }
  240   2                              break;
  241   2                              
  242   2      
  243   2                      case 2:                                                         
C251 COMPILER V5.60.0,  var                                                                26/03/26  19:48:35  PAGE 5   

  244   2                                                                                              //1쏵돎실똑생롸
  245   2                      
  246   2                              if(angle_ringR>40)                                              //2댔실供냥
*** ERROR C67 IN LINE 246 OF ..\code\var.c: 'angle_ringR': undefined identifier
  247   2                              {
  248   3                                      ringR_flag_task=3;
  249   3                                      ringR_flag_execute=3;
  250   3                              }
  251   2                              break;
  252   2                              
  253   2                              
  254   2                      case 3:
  255   2                                                                                              //1돎코실똑생롸
  256   2                      
  257   2                              if(angle_ringR>260)                                     //2섦쉥돕댐댔실듐
*** ERROR C67 IN LINE 257 OF ..\code\var.c: 'angle_ringR': undefined identifier
  258   2                              {                                                       //335
  259   3                                      ringR_flag_task=4;
  260   3                                      ringR_flag_execute=4;
  261   3                              }
  262   2                              break;
  263   2                              
  264   2                              
  265   2                      case 4:
  266   2                                                                                              //1돎코실똑생롸
  267   2                              if(angle_ringR>330)                     
*** ERROR C67 IN LINE 267 OF ..\code\var.c: 'angle_ringR': undefined identifier
  268   2                              {
  269   3                                      
  270   3                                      ringR_flag_task=5;
  271   3                                      ringR_flag_execute=5;
  272   3                              }
  273   2                              break;
  274   2                      
  275   2                      case 5:
  276   2                              
  277   2                              distance_ringR += speed_avl;
*** ERROR C67 IN LINE 277 OF ..\code\var.c: 'speed_avl': undefined identifier
  278   2                              
  279   2                              if(distance_ringR>5000)                                                 //2돕댐댔실듐
  280   2                              {       
  281   3                                      angle_clear();
  282   3                                      distance_ringR=0;
  283   3                                      ringR_flag_task=1;
  284   3                                      ringR_flag_execute=1;
  285   3                                      element=0;
  286   3                                      distance_ringR=0;
  287   3      
  288   3                              }
  289   2                              
  290   2                              
  291   2                      
  292   2                      default:
  293   2                              break;
  294   2              
  295   2              }
  296   1      }
  297          
  298          
  299          
  300          
  301          
  302          
  303          
  304          //뻔돎훨蛟獵契
  305          void ringR_execute_trace(void)
C251 COMPILER V5.60.0,  var                                                                26/03/26  19:48:35  PAGE 6   

  306          {
  307   1              static float expect_gyro;
  308   1              switch(ringR_flag_execute){
  309   2                      case 1:                                                                                                                 //1-殮窟x쏵돎                   
  310   2                              speed_target=speed_ringR;                                       
  311   2                              gyro_loop(0);
  312   2                              if(out_gyro>0)
  313   2                              {
  314   3                                      loop_speed_LR(speed_target + small_t*out_gyro,speed_target - large_t*out_gyro);
  315   3                              }
  316   2                              else
  317   2                              {
  318   3                                      loop_speed_LR(speed_target + large_t*out_gyro,speed_target - small_t*out_gyro);
  319   3                              }
  320   2                              motor_L(out_L);
*** WARNING C95 IN LINE 320 OF ..\code\var.c: 'motor_L': too many actual parameters
  321   2                  motor_R(out_R);
*** WARNING C95 IN LINE 321 OF ..\code\var.c: 'motor_R': too many actual parameters
  322   2                              break;
  323   2                      
  324   2          case 2:                                                                                                                     //2-댔실쏵돎
  325   2                              speed_target = speed_ringR;                     
  326   2                              gyro_loop(gyro_ring_in_trace);          
  327   2                      
  328   2                              if(out_gyro>0)
  329   2                              {
  330   3                                      loop_speed_LR(speed_target + small_t*out_gyro,speed_target - large_t*out_gyro);
  331   3                              }
  332   2                              else
  333   2                              {
  334   3                                      loop_speed_LR(speed_target + large_t*out_gyro,speed_target - small_t*out_gyro);
  335   3                              }
  336   2      
  337   2                              motor_L(out_L);
*** WARNING C95 IN LINE 337 OF ..\code\var.c: 'motor_L': too many actual parameters
  338   2                  motor_R(out_R);
*** WARNING C95 IN LINE 338 OF ..\code\var.c: 'motor_R': too many actual parameters
  339   2                              break;
  340   2                      
  341   2                      case 3:                                                                                                                 //3-돎코琦샬
  342   2                              speed_target = speed_ringR;
  343   2                              pid_motor_run = pid_motor_turn;
  344   2                              limit_gyro =650;
  345   2                              direction_return(err_dianci);
  346   2                              if(correct_L>0)
  347   2                              {
  348   3                                      loop_speed_LR(speed_target + small_t*correct_L,speed_target - large_t*correct_L);
  349   3      
  350   3                              }
  351   2                              else
  352   2                              {
  353   3                                      loop_speed_LR(speed_target + large_t*correct_L,speed_target - small_t*correct_L);
  354   3                              }                       
  355   2                              motor_L(out_L);
*** WARNING C95 IN LINE 355 OF ..\code\var.c: 'motor_L': too many actual parameters
  356   2                  motor_R(out_R);
*** WARNING C95 IN LINE 356 OF ..\code\var.c: 'motor_R': too many actual parameters
  357   2                              break;
  358   2                      
  359   2                      case 4:                                                                                                                 //미땍실醵똑놔돎
  360   2                              speed_target = speed_ringR;                     
  361   2                              gyro_loop(gyto_ring_out_trace);         
  362   2                      
  363   2                              if(out_gyro>0)
  364   2                              {
  365   3                                      loop_speed_LR(speed_target + small_t*out_gyro,speed_target - large_t*out_gyro);
C251 COMPILER V5.60.0,  var                                                                26/03/26  19:48:35  PAGE 7   

  366   3                              }
  367   2                              else
  368   2                              {
  369   3                                      loop_speed_LR(speed_target + large_t*out_gyro,speed_target - small_t*out_gyro);
  370   3                              }
  371   2                              motor_L(out_L);
*** WARNING C95 IN LINE 371 OF ..\code\var.c: 'motor_L': too many actual parameters
  372   2                  motor_R(out_R);
*** WARNING C95 IN LINE 372 OF ..\code\var.c: 'motor_R': too many actual parameters
  373   2                              break;
  374   2                      
  375   2                      case 5:                                                                                                                 //殮窟x놔돎
  376   2                              speed_target=speed_straight;                                    
  377   2                              gyro_loop(0);
  378   2                              if(out_gyro>0)
  379   2                              {
  380   3                                      loop_speed_LR(speed_target + small_t*out_gyro,speed_target - large_t*out_gyro);
  381   3                              }
  382   2                              else
  383   2                              {
  384   3                                      loop_speed_LR(speed_target + large_t*out_gyro,speed_target - small_t*out_gyro);
  385   3                              }                       motor_L(out_L);
*** WARNING C95 IN LINE 385 OF ..\code\var.c: 'motor_L': too many actual parameters
  386   2                  motor_R(out_R);
*** WARNING C95 IN LINE 386 OF ..\code\var.c: 'motor_R': too many actual parameters
  387   2                      
  388   2                      default:break;
  389   2              }
  390   1      }
  391          
  392          
  393          
  394          
  395          
  396          
  397          
  398          
  399          
  400          
  401          
  402          
  403          
  404          
  405          
  406          
  407          
  408          
  409          //뻔돎榴檄털뙤
  410          void ringL_task_trace(void)
  411          {
  412   1              switch(ringR_flag_task)
  413   1              {
  414   2                      case 1:                                                                                                 //1硫구쏵돎
  415   2      
  416   2                              ring_flag_ing = 200;
  417   2                              ringR_flag_execute=1;
  418   2                              distance_ringR += speed_avl;
*** ERROR C67 IN LINE 418 OF ..\code\var.c: 'speed_avl': undefined identifier
  419   2                              
  420   2                              if(distance_ringR>distance_ringR_trace)                                                 //2돕댐댔실듐
  421   2                              {       
  422   3                                      angle_ringR = 0;
*** ERROR C67 IN LINE 422 OF ..\code\var.c: 'angle_ringR': undefined identifier
  423   3                                      distance_ringR=0;
  424   3                                      ringR_flag_task=2;
  425   3                                      ringR_flag_execute=2;   
C251 COMPILER V5.60.0,  var                                                                26/03/26  19:48:35  PAGE 8   

  426   3                                      angle_clear();  
  427   3                              }
  428   2                              break;
  429   2                              
  430   2      
  431   2                      case 2:                                                         
  432   2                                                                                              //1쏵돎실똑생롸
  433   2                      
  434   2                              if(angle_ringR<-40)                                             //2댔실供냥
*** ERROR C67 IN LINE 434 OF ..\code\var.c: 'angle_ringR': undefined identifier
  435   2                              {
  436   3                                      ringR_flag_task=3;
  437   3                                      ringR_flag_execute=3;
  438   3                              }
  439   2                              break;
  440   2                              
  441   2                              
  442   2                      case 3:
  443   2                                                                                              //1돎코실똑생롸
  444   2                      
  445   2                              if(angle_ringR<-260)                                    //2섦쉥돕댐댔실듐
*** ERROR C67 IN LINE 445 OF ..\code\var.c: 'angle_ringR': undefined identifier
  446   2                              {                                                       //335
  447   3                                      ringR_flag_task=4;
  448   3                                      ringR_flag_execute=4;
  449   3                              }
  450   2                              break;
  451   2                              
  452   2                              
  453   2                      case 4:
  454   2                                                                                              //1돎코실똑생롸
  455   2                              if(angle_ringR<-330)                    
*** ERROR C67 IN LINE 455 OF ..\code\var.c: 'angle_ringR': undefined identifier
  456   2                              {
  457   3                                      
  458   3                                      ringR_flag_task=5;
  459   3                                      ringR_flag_execute=5;
  460   3                              }
  461   2                              break;
  462   2                      
  463   2                      case 5:
  464   2                              
  465   2                              distance_ringR += speed_avl;
*** ERROR C67 IN LINE 465 OF ..\code\var.c: 'speed_avl': undefined identifier
  466   2                              
  467   2                              if(distance_ringR>5000)                                                 //2돕댐댔실듐
  468   2                              {       
  469   3                                      angle_clear();
  470   3                                      distance_ringR=0;
  471   3                                      ringR_flag_task=1;
  472   3                                      ringR_flag_execute=1;
  473   3                                      element=0;
  474   3                                      distance_ringR=0;
  475   3                              }
  476   2                              
  477   2                              
  478   2                      
  479   2                      default:
  480   2                              break;
  481   2              
  482   2              }
  483   1      
  484   1      }
  485          
  486          //뻔돎훨蛟獵契
  487          void ringL_execute_trace(void)
C251 COMPILER V5.60.0,  var                                                                26/03/26  19:48:35  PAGE 9   

  488          {
  489   1              static float expect_gyro;
  490   1              switch(ringR_flag_execute){
  491   2                      case 1:                                                                                                                 //1-殮窟x쏵돎                   
  492   2                              speed_target=speed_ringR;                                       
  493   2                              gyro_loop(0);
  494   2                              if(out_gyro>0)
  495   2                              {
  496   3                                      loop_speed_LR(speed_target + small_t*out_gyro,speed_target - large_t*out_gyro);
  497   3                              }
  498   2                              else
  499   2                              {
  500   3                                      loop_speed_LR(speed_target + large_t*out_gyro,speed_target - small_t*out_gyro);
  501   3                              }
  502   2                              motor_L(out_L);
*** WARNING C95 IN LINE 502 OF ..\code\var.c: 'motor_L': too many actual parameters
  503   2                  motor_R(out_R);
*** WARNING C95 IN LINE 503 OF ..\code\var.c: 'motor_R': too many actual parameters
  504   2                              break;
  505   2                      
  506   2          case 2:                                                                                                                     //2-댔실쏵돎
  507   2                              speed_target = speed_ringR;
  508   2                              gyro_loop(-gyro_ring_in_trace);         
  509   2                      
  510   2                              if(out_gyro>0)
  511   2                              {
  512   3                                      loop_speed_LR(speed_target + small_t*out_gyro,speed_target - large_t*out_gyro);
  513   3                              }
  514   2                              else
  515   2                              {
  516   3                                      loop_speed_LR(speed_target + large_t*out_gyro,speed_target - small_t*out_gyro);
  517   3                              }
  518   2                              motor_L(out_L);
*** WARNING C95 IN LINE 518 OF ..\code\var.c: 'motor_L': too many actual parameters
  519   2                  motor_R(out_R);
*** WARNING C95 IN LINE 519 OF ..\code\var.c: 'motor_R': too many actual parameters
  520   2                              break;
  521   2                      
  522   2                      case 3:                                                                                                                 //3-돎코琦샬
  523   2                              speed_target = speed_ringR;
  524   2                              pid_motor_run = pid_motor_turn;
  525   2                              limit_gyro =650;
  526   2                              direction_return(err_dianci);
  527   2                              if(correct_L>0)
  528   2                              {
  529   3                                      loop_speed_LR(speed_target + small_t*correct_L,speed_target - large_t*correct_L);
  530   3      
  531   3                              }
  532   2                              else
  533   2                              {
  534   3                                      loop_speed_LR(speed_target + large_t*correct_L,speed_target - small_t*correct_L);
  535   3                              }                       
  536   2                              motor_L(out_L);
*** WARNING C95 IN LINE 536 OF ..\code\var.c: 'motor_L': too many actual parameters
  537   2                  motor_R(out_R);
*** WARNING C95 IN LINE 537 OF ..\code\var.c: 'motor_R': too many actual parameters
  538   2                              break;
  539   2                      
  540   2                      case 4:                                                                                                                 //미땍실醵똑놔돎
  541   2                              speed_target = speed_ringR;                     
  542   2                              gyro_loop(-gyto_ring_out_trace);                
  543   2                      
  544   2                              if(out_gyro>0)
  545   2                              {
  546   3                                      loop_speed_LR(speed_target + small_t*out_gyro,speed_target - large_t*out_gyro);
  547   3                              }
C251 COMPILER V5.60.0,  var                                                                26/03/26  19:48:35  PAGE 10  

  548   2                              else
  549   2                              {
  550   3                                      loop_speed_LR(speed_target + large_t*out_gyro,speed_target - small_t*out_gyro);
  551   3                              }
  552   2                              motor_L(out_L);
*** WARNING C95 IN LINE 552 OF ..\code\var.c: 'motor_L': too many actual parameters
  553   2                  motor_R(out_R);
*** WARNING C95 IN LINE 553 OF ..\code\var.c: 'motor_R': too many actual parameters
  554   2                              break;
  555   2                      
  556   2                      case 5:                                                                                                                 //殮窟x놔돎
  557   2                              speed_target=speed_straight;                                    
  558   2                              gyro_loop(0);
  559   2                              if(out_gyro>0)
  560   2                              {
  561   3                                      loop_speed_LR(speed_target + small_t*out_gyro,speed_target - large_t*out_gyro);
  562   3                              }
  563   2                              else
  564   2                              {
  565   3                                      loop_speed_LR(speed_target + large_t*out_gyro,speed_target - small_t*out_gyro);
  566   3                              }                       motor_L(out_L);
*** WARNING C95 IN LINE 566 OF ..\code\var.c: 'motor_L': too many actual parameters
  567   2                  motor_R(out_R);
*** WARNING C95 IN LINE 567 OF ..\code\var.c: 'motor_R': too many actual parameters
  568   2                      
  569   2                      default:break;
  570   2              }
  571   1      }
  572          
  573          
  574          
  575          
  576          
  577          
  578          
  579          
  580          //뻔돎榴檄털뙤
  581          void ringR_task(void)
  582          {
  583   1              switch(ringR_flag_task)
  584   1              {
  585   2                      case 1:                                                                                                 //1硫구쏵돎
  586   2                              ring_flag_ing =200;
  587   2                              ringR_flag_execute=1;
  588   2                              distance_ringR += speed_avl;
*** ERROR C67 IN LINE 588 OF ..\code\var.c: 'speed_avl': undefined identifier
  589   2                              if(distance_ringR>distance_ringR_1)                                                     //2돕댐댔실듐
  590   2                              {       
  591   3                                      angle_ringR = 0;
*** ERROR C67 IN LINE 591 OF ..\code\var.c: 'angle_ringR': undefined identifier
  592   3                                      distance_ringR=0;
  593   3                                      ringR_flag_task=2;
  594   3                                      ringR_flag_execute=2;   
  595   3                                      angle_clear();  
  596   3                              }
  597   2                              break;
  598   2                              
  599   2      
  600   2                      case 2:                                                         
  601   2                                                                                              //1쏵돎실똑생롸
  602   2                      
  603   2                              if(angle_ringR>50)                                              //2댔실供냥
*** ERROR C67 IN LINE 603 OF ..\code\var.c: 'angle_ringR': undefined identifier
  604   2                              {
  605   3                                      ringR_flag_task=3;
  606   3                                      ringR_flag_execute=3;
C251 COMPILER V5.60.0,  var                                                                26/03/26  19:48:35  PAGE 11  

  607   3                              }
  608   2                              break;
  609   2                              
  610   2                              
  611   2                      case 3:
  612   2                                                                                              //1돎코실똑생롸
  613   2                      
  614   2                              if(angle_ringR>260)                                     //2섦쉥돕댐댔실듐
*** ERROR C67 IN LINE 614 OF ..\code\var.c: 'angle_ringR': undefined identifier
  615   2                              {                                                       //335
  616   3                                      ringR_flag_task=4;
  617   3                                      ringR_flag_execute=4;
  618   3                              }
  619   2                              break;
  620   2                              
  621   2                              
  622   2                      case 4:
  623   2                                                                                              //1돎코실똑생롸
  624   2                              if(angle_ringR>340)                     
*** ERROR C67 IN LINE 624 OF ..\code\var.c: 'angle_ringR': undefined identifier
  625   2                              {
  626   3                                      
  627   3                                      ringR_flag_task=5;
  628   3                                      ringR_flag_execute=5;
  629   3                              }
  630   2                              break;
  631   2                      
  632   2                      case 5:
  633   2                              
  634   2                              distance_ringR += speed_avl;
*** ERROR C67 IN LINE 634 OF ..\code\var.c: 'speed_avl': undefined identifier
  635   2                              
  636   2                              if(distance_ringR>5000)                                                 //2돕댐댔실듐
  637   2                              {       
  638   3                                      angle_clear();
  639   3                                      distance_ringR=0;
  640   3                                      ringR_flag_task=1;
  641   3                                      ringR_flag_execute=1;
  642   3                                      element=0;
  643   3                                      distance_ringR=0;
  644   3      
  645   3                              }
  646   2                              
  647   2                              
  648   2                      
  649   2                      default:
  650   2                              break;
  651   2              
  652   2              }
  653   1      }
  654          
  655          
  656          
  657          
  658          
  659          
  660          
  661          //뻔돎훨蛟獵契
  662          void ringR_execute(void)
  663          {
  664   1              static float expect_gyro;
  665   1              switch(ringR_flag_execute){
  666   2                      case 1:                                                                                                                 //1-殮窟x쏵돎                   
  667   2                              speed_target=speed_ringR;                                       
  668   2                              gyro_loop(0);
  669   2                              if(out_gyro>0)
C251 COMPILER V5.60.0,  var                                                                26/03/26  19:48:35  PAGE 12  

  670   2                              {
  671   3                                      loop_speed_LR(speed_target + small_t*out_gyro,speed_target - large_t*out_gyro);
  672   3                              }
  673   2                              else
  674   2                              {
  675   3                                      loop_speed_LR(speed_target + large_t*out_gyro,speed_target - small_t*out_gyro);
  676   3                              }
  677   2                              motor_L(out_L);
*** WARNING C95 IN LINE 677 OF ..\code\var.c: 'motor_L': too many actual parameters
  678   2                  motor_R(out_R);
*** WARNING C95 IN LINE 678 OF ..\code\var.c: 'motor_R': too many actual parameters
  679   2                              break;
  680   2                      
  681   2          case 2:                                                                                                                     //2-댔실쏵돎
  682   2                              speed_target = speed_ringR;                     
  683   2                              gyro_loop(gyro_ring_in);                
  684   2                      
  685   2                              if(out_gyro>0)
  686   2                              {
  687   3                                      loop_speed_LR(speed_target + small_t*out_gyro,speed_target - large_t*out_gyro);
  688   3                              }
  689   2                              else
  690   2                              {
  691   3                                      loop_speed_LR(speed_target + large_t*out_gyro,speed_target - small_t*out_gyro);
  692   3                              }
  693   2      
  694   2                              motor_L(out_L);
*** WARNING C95 IN LINE 694 OF ..\code\var.c: 'motor_L': too many actual parameters
  695   2                  motor_R(out_R);
*** WARNING C95 IN LINE 695 OF ..\code\var.c: 'motor_R': too many actual parameters
  696   2                              break;
  697   2                      
  698   2                      case 3:                                                                                                                 //3-실醵똑뻔
  699   2                              speed_target = speed_ringR;                     
  700   2                              gyro_loop(gyro_ring_middle);            
  701   2                      
  702   2                              if(out_gyro>0)
  703   2                              {
  704   3                                      loop_speed_LR(speed_target + small_t*out_gyro,speed_target - large_t*out_gyro);
  705   3                              }
  706   2                              else
  707   2                              {
  708   3                                      loop_speed_LR(speed_target + large_t*out_gyro,speed_target - small_t*out_gyro);
  709   3                              }
  710   2      
  711   2                              motor_L(out_L);
*** WARNING C95 IN LINE 711 OF ..\code\var.c: 'motor_L': too many actual parameters
  712   2                  motor_R(out_R);
*** WARNING C95 IN LINE 712 OF ..\code\var.c: 'motor_R': too many actual parameters
  713   2                              break;
  714   2                      
  715   2                      case 4:                                                                                                                 //미땍실醵똑놔돎
  716   2                              speed_target = speed_ringR;                     
  717   2                              gyro_loop(gyro_ring_out);               
  718   2                      
  719   2                              if(out_gyro>0)
  720   2                              {
  721   3                                      loop_speed_LR(speed_target + small_t*out_gyro,speed_target - large_t*out_gyro);
  722   3                              }
  723   2                              else
  724   2                              {
  725   3                                      loop_speed_LR(speed_target + large_t*out_gyro,speed_target - small_t*out_gyro);
  726   3                              }
  727   2                              motor_L(out_L);
*** WARNING C95 IN LINE 727 OF ..\code\var.c: 'motor_L': too many actual parameters
  728   2                  motor_R(out_R);
C251 COMPILER V5.60.0,  var                                                                26/03/26  19:48:35  PAGE 13  

*** WARNING C95 IN LINE 728 OF ..\code\var.c: 'motor_R': too many actual parameters
  729   2                              break;
  730   2                      
  731   2                      case 5:                                                                                                                 //殮窟x놔돎
  732   2                              speed_target=speed_straight;                                    
  733   2                              gyro_loop(0);
  734   2                              if(out_gyro>0)
  735   2                              {
  736   3                                      loop_speed_LR(speed_target + small_t*out_gyro,speed_target - large_t*out_gyro);
  737   3                              }
  738   2                              else
  739   2                              {
  740   3                                      loop_speed_LR(speed_target + large_t*out_gyro,speed_target - small_t*out_gyro);
  741   3                              }                       motor_L(out_L);
*** WARNING C95 IN LINE 741 OF ..\code\var.c: 'motor_L': too many actual parameters
  742   2                  motor_R(out_R);
*** WARNING C95 IN LINE 742 OF ..\code\var.c: 'motor_R': too many actual parameters
  743   2                      
  744   2                      default:break;
  745   2              }
  746   1      }
  747          
  748          
  749          
  750          
  751          
  752          
  753          
  754          
  755          
  756          //뻔돎榴檄털뙤
  757          void ringL_task(void)
  758          {
  759   1              switch(ringR_flag_task)
  760   1              {
  761   2                      case 1:                                                                                                 //1硫구쏵돎
  762   2      
  763   2                              ring_flag_ing = 200;
  764   2                              ringR_flag_execute=1;
  765   2                              distance_ringR += speed_avl;
*** ERROR C67 IN LINE 765 OF ..\code\var.c: 'speed_avl': undefined identifier
  766   2                              
  767   2                              if(distance_ringR>distance_ringR_1)                                                     //2돕댐댔실듐
  768   2                              {       
  769   3                                      angle_ringR = 0;
*** ERROR C67 IN LINE 769 OF ..\code\var.c: 'angle_ringR': undefined identifier
  770   3                                      distance_ringR=0;
  771   3                                      ringR_flag_task=2;
  772   3                                      ringR_flag_execute=2;   
  773   3                                      angle_clear();  
  774   3                              }
  775   2                              break;
  776   2                              
  777   2      
  778   2                      case 2:                                                         
  779   2                                                                                              //1쏵돎실똑생롸
  780   2                      
  781   2                              if(angle_ringR<-50)                                             //2댔실供냥
*** ERROR C67 IN LINE 781 OF ..\code\var.c: 'angle_ringR': undefined identifier
  782   2                              {
  783   3                                      ringR_flag_task=3;
  784   3                                      ringR_flag_execute=3;
  785   3                              }
  786   2                              break;
  787   2                              
  788   2                              
C251 COMPILER V5.60.0,  var                                                                26/03/26  19:48:35  PAGE 14  

  789   2                      case 3:
  790   2                                                                                              //1돎코실똑생롸
  791   2                      
  792   2                              if(angle_ringR<-260)                                    //2섦쉥돕댐댔실듐
*** ERROR C67 IN LINE 792 OF ..\code\var.c: 'angle_ringR': undefined identifier
  793   2                              {                                                       //335
  794   3                                      ringR_flag_task=4;
  795   3                                      ringR_flag_execute=4;
  796   3                              }
  797   2                              break;
  798   2                              
  799   2                              
  800   2                      case 4:
  801   2                                                                                              //1돎코실똑생롸
  802   2                              if(angle_ringR<-340)                    
*** ERROR C67 IN LINE 802 OF ..\code\var.c: 'angle_ringR': undefined identifier
  803   2                              {
  804   3                                      
  805   3                                      ringR_flag_task=5;
  806   3                                      ringR_flag_execute=5;
  807   3                              }
  808   2                              break;
  809   2                      
  810   2                      case 5:
  811   2                              
  812   2                              distance_ringR += speed_avl;
*** ERROR C67 IN LINE 812 OF ..\code\var.c: 'speed_avl': undefined identifier
  813   2                              
  814   2                              if(distance_ringR>5000)                                                 //2돕댐댔실듐
  815   2                              {       
  816   3                                      angle_clear();
  817   3                                      distance_ringR=0;
  818   3                                      ringR_flag_task=1;
  819   3                                      ringR_flag_execute=1;
  820   3                                      element=0;
  821   3                                      distance_ringR=0;
  822   3                              }
  823   2                              
  824   2              
  825   2                      default:
  826   2                              break;
  827   2              
  828   2              }
  829   1      
  830   1      }
  831          
  832          //뻔돎훨蛟獵契
  833          void ringL_execute(void)
  834          {
  835   1              static float expect_gyro;
  836   1              switch(ringR_flag_execute){
  837   2                      case 1:                                                                                                                 //1-殮窟x쏵돎                   
  838   2                              speed_target=speed_ringR;                                       
  839   2                              gyro_loop(0);
  840   2                              if(out_gyro>0)
  841   2                              {
  842   3                                      loop_speed_LR(speed_target + small_t*out_gyro,speed_target - large_t*out_gyro);
  843   3                              }
  844   2                              else
  845   2                              {
  846   3                                      loop_speed_LR(speed_target + large_t*out_gyro,speed_target - small_t*out_gyro);
  847   3                              }
  848   2                              motor_L(out_L);
*** WARNING C95 IN LINE 848 OF ..\code\var.c: 'motor_L': too many actual parameters
  849   2                  motor_R(out_R);
*** WARNING C95 IN LINE 849 OF ..\code\var.c: 'motor_R': too many actual parameters
C251 COMPILER V5.60.0,  var                                                                26/03/26  19:48:35  PAGE 15  

  850   2                              break;
  851   2                      
  852   2          case 2:                                                                                                                     //2-댔실쏵돎
  853   2                              speed_target = speed_ringR;
  854   2                              gyro_loop(-gyro_ring_in);               
  855   2                      
  856   2                              if(out_gyro>0)
  857   2                              {
  858   3                                      loop_speed_LR(speed_target + small_t*out_gyro,speed_target - large_t*out_gyro);
  859   3                              }
  860   2                              else
  861   2                              {
  862   3                                      loop_speed_LR(speed_target + large_t*out_gyro,speed_target - small_t*out_gyro);
  863   3                              }
  864   2                              motor_L(out_L);
*** WARNING C95 IN LINE 864 OF ..\code\var.c: 'motor_L': too many actual parameters
  865   2                  motor_R(out_R);
*** WARNING C95 IN LINE 865 OF ..\code\var.c: 'motor_R': too many actual parameters
  866   2                              break;
  867   2                      
  868   2                      case 3:                                                                                                                 //3-돎코琦샬
  869   2                              speed_target = speed_ringR;                     
  870   2                              gyro_loop(-gyro_ring_middle);           
  871   2                      
  872   2                              if(out_gyro>0)
  873   2                              {
  874   3                                      loop_speed_LR(speed_target + small_t*out_gyro,speed_target - large_t*out_gyro);
  875   3                              }
  876   2                              else
  877   2                              {
  878   3                                      loop_speed_LR(speed_target + large_t*out_gyro,speed_target - small_t*out_gyro);
  879   3                              }
  880   2      
  881   2                              motor_L(out_L);
*** WARNING C95 IN LINE 881 OF ..\code\var.c: 'motor_L': too many actual parameters
  882   2                  motor_R(out_R);
*** WARNING C95 IN LINE 882 OF ..\code\var.c: 'motor_R': too many actual parameters
  883   2                              break;
  884   2                      
  885   2                      case 4:                                                                                                                 //미땍실醵똑놔돎
  886   2                              speed_target = speed_ringR;                     
  887   2                              gyro_loop(-gyro_ring_out);              
  888   2                      
  889   2                              if(out_gyro>0)
  890   2                              {
  891   3                                      loop_speed_LR(speed_target + small_t*out_gyro,speed_target - large_t*out_gyro);
  892   3                              }
  893   2                              else
  894   2                              {
  895   3                                      loop_speed_LR(speed_target + large_t*out_gyro,speed_target - small_t*out_gyro);
  896   3                              }
  897   2                              motor_L(out_L);
*** WARNING C95 IN LINE 897 OF ..\code\var.c: 'motor_L': too many actual parameters
  898   2                  motor_R(out_R);
*** WARNING C95 IN LINE 898 OF ..\code\var.c: 'motor_R': too many actual parameters
  899   2                              break;
  900   2                      
  901   2                      case 5:                                                                                                                 //殮窟x놔돎
  902   2                              speed_target=speed_straight;                                    
  903   2                              gyro_loop(0);
  904   2                              if(out_gyro>0)
  905   2                              {
  906   3                                      loop_speed_LR(speed_target + small_t*out_gyro,speed_target - large_t*out_gyro);
  907   3                              }
  908   2                              else
  909   2                              {
C251 COMPILER V5.60.0,  var                                                                26/03/26  19:48:35  PAGE 16  

  910   3                                      loop_speed_LR(speed_target + large_t*out_gyro,speed_target - small_t*out_gyro);
  911   3                              }                       motor_L(out_L);
*** WARNING C95 IN LINE 911 OF ..\code\var.c: 'motor_L': too many actual parameters
  912   2                  motor_R(out_R);
*** WARNING C95 IN LINE 912 OF ..\code\var.c: 'motor_R': too many actual parameters
  913   2                      
  914   2                      default:break;
  915   2              }
  916   1      }

C251 COMPILATION COMPLETE.  47 WARNING(S),  26 ERROR(S)
