C251 COMPILER V5.60.0,  wifi                                                               29/04/26  14:50:11  PAGE 1   


C251 COMPILER V5.60.0, COMPILATION OF MODULE wifi
OBJECT MODULE PLACED IN .\out_file\wifi.obj
COMPILER INVOKED BY: D:\Software\Keil5\C251\BIN\C251.EXE ..\code\wifi.c LARGE FLOAT64 ROM(HUGE) WARNINGLEVEL(3) OPTIMIZE
                    -(0,SIZE) BROWSE INCDIR(..\..\libraries\zf_common;..\..\libraries\zf_components;..\..\libraries\zf_device;..\..\libraries
                    -\zf_driver;..\user;..\code;..\..\libraries\zf_components\stc32g_usb_lib;..\..\libraries\zf_components\seekfree_assistant
                    -) DEBUG PRINT(.\out_file\wifi.lst) OBJECT(.\out_file\wifi.obj) 

stmt  level    source

    1          #include "bsp_system.h"
    2          
    3          #define WIFI_SSID_TEST          "212"
    4          #define WIFI_PASSWORD_TEST      "yiboxian123" // ШчЙћашвЊСЌНгЕФWIFI УЛгаУмТыдђашвЊНЋ етРя ЬцЛЛЮЊ NULL
    5          
    6          
    7          
    8          void Wifi_Init(void)
    9          {   
   10   1              while(wifi_spi_init(WIFI_SSID_TEST, WIFI_PASSWORD_TEST))
   11   1          {
   12   2              printf("\r\n connect wifi failed. \r\n");
   13   2              system_delay_ms(100);                                                   // ГѕЪМЛЏЪЇАм ЕШД§ 100ms
   14   2          }
   15   1      
   16   1          printf("\r\n module version:%s \r\n",wifi_spi_version);                     // ФЃПщЙЬМўАцБО
   17   1          printf("\r\n module mac    :%s \r\n",wifi_spi_mac_addr);                    // ФЃПщ MAC аХЯЂ
   18   1          printf("\r\n module ip     :%s \r\n",wifi_spi_ip_addr_port);                // ФЃПщ IP ЕижЗ
   19   1      
   20   1          // zf_device_wifi_spi.h ЮФМўФкЕФКъЖЈвхПЩвдИќИФФЃПщСЌНг(НЈСЂ) WIFI жЎКѓЃЌЪЧЗёздЖЏСЌНг TCP ЗўЮёЦїЁЂДДНЈ
             - UDP СЌНгЁЂДДНЈ TCP ЗўЮёЦїЕШВйзї
   21   1          if(0 == WIFI_SPI_AUTO_CONNECT)                                              // ШчЙћУЛгаПЊЦєздЖЏСЌНг О
             -ЭашвЊЪжЖЏСЌНгФПБъ IP
   22   1          {
   23   2              while(wifi_spi_socket_connect(                                          // ЯђжИЖЈФПБъ IP ЕФЖЫПкНЈ
             -СЂ TCP СЌНг
   24   2                  "TCP",                                                              // жИЖЈЪЙгУTCPЗНЪНЭЈбЖ
   25   2                  WIFI_SPI_TARGET_IP,                                                 // жИЖЈдЖЖЫЕФIPЕижЗЃЌЬюаД
             -ЩЯЮЛЛњЕФIPЕижЗ
   26   2                  WIFI_SPI_TARGET_PORT,                                               // жИЖЈдЖЖЫЕФЖЫПкКХЃЌЬюаД
             -ЩЯЮЛЛњЕФЖЫПкКХЃЌЭЈГЃЩЯЮЛЛњФЌШЯЪЧ8080
   27   2                  WIFI_SPI_LOCAL_PORT))                                               // жИЖЈБОЛњЕФЖЫПкКХ
   28   2              {
   29   3                  // ШчЙћвЛжБНЈСЂЪЇАм ПМТЧвЛЯТЪЧВЛЪЧУЛгаНггВМўИДЮЛ
   30   3                  printf("\r\n Connect TCP Servers error, try again. \r\n");
   31   3                  system_delay_ms(100);                                               // НЈСЂСЌНгЪЇАм ЕШД§ 100m
             -s
   32   3              }
   33   2          }
   34   1      
   35   1          // ЪЙгУИпЫй WIFI SPIФЃПщЪБЮоЗЈЪЙгУЦСФЛЃЈвђЮЊв§НХгаЙВгУЃЉ
   36   1          // ЪЙгУИпЫй WIFI SPIФЃПщЪБЮоЗЈЪЙгУЦСФЛЃЈвђЮЊв§НХгаЙВгУЃЉ
   37   1          // ЪЙгУИпЫй WIFI SPIФЃПщЪБЮоЗЈЪЙгУЦСФЛЃЈвђЮЊв§НХгаЙВгУЃЉ
   38   1      
   39   1          // ЗЂЫЭВтЪдЪ§ОнжСЗўЮёЦї
   40   1      
   41   1      }
   42              // ДЫДІБраДwifiФЃПщГѕЪМЛЏДњТы


Module Information          Static   Overlayable
------------------------------------------------
  code size            =    ------     ------
  ecode size           =       265     ------
  data size            =    ------     ------
  idata size           =    ------     ------
  pdata size           =    ------     ------
C251 COMPILER V5.60.0,  wifi                                                               29/04/26  14:50:11  PAGE 2   

  xdata size           =    ------     ------
  xdata-const size     =    ------     ------
  edata size           =    ------     ------
  bit size             =    ------     ------
  ebit size            =    ------     ------
  bitaddressable size  =    ------     ------
  ebitaddressable size =    ------     ------
  far data size        =    ------     ------
  huge data size       =    ------     ------
  const size           =    ------     ------
  hconst size          =       181     ------
End of Module Information.


C251 COMPILATION COMPLETE.  0 WARNING(S),  0 ERROR(S)
