C251 COMPILER V5.60.0,  zf_device_imu660ra                                                 25/04/26  21:52:47  PAGE 1   


C251 COMPILER V5.60.0, COMPILATION OF MODULE zf_device_imu660ra
OBJECT MODULE PLACED IN .\out_file\zf_device_imu660ra.obj
COMPILER INVOKED BY: D:\Software\Keil5\C251\BIN\C251.EXE ..\..\libraries\zf_device\zf_device_imu660ra.c LARGE FLOAT64 RO
                    -M(HUGE) WARNINGLEVEL(3) OPTIMIZE(0,SIZE) BROWSE INCDIR(..\..\libraries\zf_common;..\..\libraries\zf_components;..\..\lib
                    -raries\zf_device;..\..\libraries\zf_driver;..\user;..\code;..\..\libraries\zf_components\stc32g_usb_lib;..\..\libraries\
                    -zf_components\seekfree_assistant) DEBUG PRINT(.\out_file\zf_device_imu660ra.lst) OBJECT(.\out_file\zf_device_imu660ra.ob
                    -j) 

stmt  level    source

    1          /********************************************************************************************************
             -*************
    2          * STC32G Opensourec Library МДЃЈSTC32G ПЊдДПтЃЉЪЧвЛИіЛљгкЙйЗН SDK НгПкЕФЕкШ§ЗНПЊдДПт
    3          * Copyright (c) 2025 SEEKFREE ж№ЗЩПЦММ
    4          *
    5          * БОЮФМўЪЧSTC32G144KПЊдДПтЕФвЛВПЗж
    6          *
    7          * STC32G ПЊдДПт ЪЧУтЗбШэМў
    8          * ФњПЩвдИљОнздгЩШэМўЛљН№ЛсЗЂВМЕФ GPLЃЈGNU General Public LicenseЃЌМД GNUЭЈгУЙЋЙВаэПЩжЄЃЉЕФЬѕПю
    9          * МД GPL ЕФЕк3АцЃЈМД GPL3.0ЃЉЛђЃЈФњбЁдёЕФЃЉШЮКЮКѓРДЕФАцБОЃЌжиаТЗЂВМКЭ/ЛђаоИФЫќ
   10          *
   11          * БОПЊдДПтЕФЗЂВМЪЧЯЃЭћЫќФмЗЂЛгзїгУЃЌЕЋВЂЮДЖдЦфзїШЮКЮЕФБЃжЄ
   12          * ЩѕжСУЛгавўКЌЕФЪЪЯњадЛђЪЪКЯЬиЖЈгУЭОЕФБЃжЄ
   13          * ИќЖрЯИНкЧыВЮМћ GPL
   14          *
   15          * ФњгІИУдкЪеЕНБОПЊдДПтЕФЭЌЪБЪеЕНвЛЗн GPL ЕФИББО
   16          * ШчЙћУЛгаЃЌЧыВЮдФ<https://www.gnu.org/licenses/>
   17          *
   18          * ЖюЭтзЂУїЃК
   19          * БОПЊдДПтЪЙгУ GPL3.0 ПЊдДаэПЩжЄа­вщ вдЩЯаэПЩЩъУїЮЊвыЮФАцБО
   20          * аэПЩЩъУїгЂЮФАцдк libraries/doc ЮФМўМаЯТЕФ GPL3_permission_statement.txt ЮФМўжа
   21          * аэПЩжЄИББОдк libraries ЮФМўМаЯТ МДИУЮФМўМаЯТЕФ LICENSE ЮФМў
   22          * ЛЖг­ИїЮЛЪЙгУВЂДЋВЅБОГЬађ ЕЋаоИФФкШнЪББиаыБЃСєж№ЗЩПЦММЕФАцШЈЩљУїЃЈМДБОЩљУїЃЉ
   23          *
   24          * ЮФМўУћГЦ          
   25          * ЙЋЫОУћГЦ          ГЩЖМж№ЗЩПЦММгаЯоЙЋЫО
   26          * АцБОаХЯЂ          ВщПД libraries/doc ЮФМўМаФк version ЮФМў АцБОЫЕУї
   27          * ПЊЗЂЛЗОГ          MDK FOR C251
   28          * ЪЪгУЦНЬЈ          STC32G144K
   29          * ЕъЦЬСДНг          https://seekfree.taobao.com/
   30          *
   31          * аоИФМЧТМ
   32          * ШеЦк              зїеп           БИзЂ
   33          * 2024-08-01        ДѓW            first version
   34          *********************************************************************************************************
             -***********/
   35          /********************************************************************************************************
             -*************
   36          * НгЯпЖЈвхЃК
   37          *                   ------------------------------------
   38          *                   ФЃПщЙмНХ            ЕЅЦЌЛњЙмНХ
   39          *                   // гВМў SPI в§НХ
   40          *                   SCL/SPC           ВщПД zf_device_imu660ra.h жа IMU660RA_SPC_PIN КъЖЈвх
   41          *                   SDA/DSI           ВщПД zf_device_imu660ra.h жа IMU660RA_SDI_PIN КъЖЈвх
   42          *                   SA0/SDO           ВщПД zf_device_imu660ra.h жа IMU660RA_SDO_PIN КъЖЈвх
   43          *                   CS                ВщПД zf_device_imu660ra.h жа IMU660RA_CS_PIN КъЖЈвх
   44          *                   VCC               3.3VЕчдД
   45          *                   GND               ЕчдДЕи
   46          *                   Цфгрв§НХаќПе
   47          *
   48          *                   // ШэМў IIC в§НХ
   49          *                   SCL/SPC           ВщПД zf_device_imu660ra.h жа IMU660RA_SCL_PIN КъЖЈвх
   50          *                   SDA/DSI           ВщПД zf_device_imu660ra.h жа IMU660RA_SDA_PIN КъЖЈвх
   51          *                   VCC               3.3VЕчдД
   52          *                   GND               ЕчдДЕи
C251 COMPILER V5.60.0,  zf_device_imu660ra                                                 25/04/26  21:52:47  PAGE 2   

   53          *                   Цфгрв§НХаќПе
   54          *                   ------------------------------------
   55          *********************************************************************************************************
             -***********/
   56          
   57          #include "zf_common_debug.h"
   58          #include "zf_driver_delay.h"
   59          #include "zf_driver_spi.h"
   60          #include "zf_driver_gpio.h"
   61          //#include "zf_driver_soft_iic.h"
   62          //#include "zf_driver_soft_spi.h"
   63          #include "zf_device_config.h"
   64          
   65          #include "zf_device_imu660ra.h"
   66          
   67          #pragma warning disable = 183
   68          #pragma warning disable = 177
   69          
   70          int16 imu660ra_gyro_x = 0, imu660ra_gyro_y = 0, imu660ra_gyro_z = 0;            // Ш§жсЭгТнвЧЪ§Он   gyro 
             -(ЭгТнвЧ)
   71          int16 imu660ra_acc_x = 0, imu660ra_acc_y = 0, imu660ra_acc_z = 0;               // Ш§жсМгЫйЖШМЦЪ§Он acc  
             -(accelerometer МгЫйЖШМЦ)
   72          float imu660ra_transition_factor[2] = {4096, 16.4};
   73          
   74          
   75          #if (IMU660RA_USE_INTERFACE==HARDWARE_SPI) 
   76                  //------------------------------------------------------------------------------------------------------
             --------------
   77                  // КЏЪ§МђНщ     IMU660RA аДМФДцЦї
   78                  // ВЮЪ§ЫЕУї     reg             МФДцЦїЕижЗ
   79                  // ВЮЪ§ЫЕУї     dat            Ъ§Он
   80                  // ЗЕЛиВЮЪ§     void
   81                  // ЪЙгУЪОР§     imu660ra_write_register(IMU660RA_PWR_CONF, 0x00);                   // ЙиБеИпМЖЪЁЕчФЃЪН
   82                  // БИзЂаХЯЂ     ФкВПЕїгУ
   83                  //------------------------------------------------------------------------------------------------------
             --------------
   84                  static void imu660ra_write_register(uint8 reg, uint8 dat)
   85                  {
   86   1                      IMU660RA_CS(0);
   87   1                      spi_write_8bit_register(IMU660RA_SPI, reg | IMU660RA_SPI_W, dat);
   88   1                      IMU660RA_CS(1);
   89   1              }
   90          
   91                  //------------------------------------------------------------------------------------------------------
             --------------
   92                  // КЏЪ§МђНщ     IMU660RA аДЪ§Он
   93                  // ВЮЪ§ЫЕУї     reg             МФДцЦїЕижЗ
   94                  // ВЮЪ§ЫЕУї     dat            Ъ§Он
   95                  // ЗЕЛиВЮЪ§     void
   96                  // ЪЙгУЪОР§     imu660ra_write_registers(IMU660RA_INIT_DATA, imu660ra_config_file, sizeof(imu660ra_confi
             -g_file));
   97                  // БИзЂаХЯЂ     ФкВПЕїгУ
   98                  //------------------------------------------------------------------------------------------------------
             --------------
   99                  static void imu660ra_write_registers(uint8 reg, const uint8 *dat, uint32 len)
  100                  {
  101   1                      IMU660RA_CS(0);
  102   1                      spi_write_8bit_registers(IMU660RA_SPI, reg | IMU660RA_SPI_W, dat, len);
  103   1                      IMU660RA_CS(1);
  104   1              }
  105          
  106                  //------------------------------------------------------------------------------------------------------
             --------------
  107                  // КЏЪ§МђНщ     IMU660RA ЖСМФДцЦї
  108                  // ВЮЪ§ЫЕУї     reg             МФДцЦїЕижЗ
  109                  // ЗЕЛиВЮЪ§     uint8           Ъ§Он
C251 COMPILER V5.60.0,  zf_device_imu660ra                                                 25/04/26  21:52:47  PAGE 3   

  110                  // ЪЙгУЪОР§     imu660ra_read_register(IMU660RA_CHIP_ID);
  111                  // БИзЂаХЯЂ     ФкВПЕїгУ
  112                  //------------------------------------------------------------------------------------------------------
             --------------
  113                  static uint8 imu660ra_read_register(uint8 reg)
  114                  {
  115   1                      uint8 dat[2];
  116   1                      IMU660RA_CS(0);
  117   1                      spi_read_8bit_registers(IMU660RA_SPI, reg | IMU660RA_SPI_R, dat, 2);
  118   1                      IMU660RA_CS(1);
  119   1                      return dat[1];
  120   1              }
  121          
  122                  //------------------------------------------------------------------------------------------------------
             --------------
  123                  // КЏЪ§МђНщ     IMU660RA ЖСЪ§Он
  124                  // ВЮЪ§ЫЕУї     reg             МФДцЦїЕижЗ
  125                  // ВЮЪ§ЫЕУї     dat            Ъ§ОнЛКГхЧј
  126                  // ВЮЪ§ЫЕУї     len             Ъ§ОнГЄЖШ
  127                  // ЗЕЛиВЮЪ§     void
  128                  // ЪЙгУЪОР§     imu660ra_read_registers(IMU660RA_ACC_ADDRESS, dat, 6);
  129                  // БИзЂаХЯЂ     ФкВПЕїгУ
  130                  //------------------------------------------------------------------------------------------------------
             --------------
  131                  static void imu660ra_read_registers(uint8 reg, uint8 *dat, uint32 len)
  132                  {
  133   1                      uint16 i = 0;
  134   1                      uint8 temp_data[8];
  135   1                      IMU660RA_CS(0);
  136   1                      spi_read_8bit_registers(IMU660RA_SPI, reg | IMU660RA_SPI_R, temp_data, len + 1);
  137   1                      IMU660RA_CS(1);
  138   1                      
  139   1                      for(i = 0; i < len; i ++)
  140   1                      {
  141   2                              *(dat ++) = temp_data[i + 1];
  142   2                      }
  143   1              }
  144          
  145          
  146          #elif (IMU660RA_USE_INTERFACE==SOFT_SPI)
               
                       #define IMU660RA_SCK(x)                         IMU660RA_SPC_PIN  = x
                       #define IMU660RA_MOSI(x)                        IMU660RA_SDI_PIN = x
                       #define IMU660RA_MISO                           IMU660RA_SDO_PIN
                       #define IMU660RA_CS(x)                          IMU660RA_CS_PIN  = x
               
                       //------------------------------------------------------------------------------------------------------
             --------------
                       //  @brief      ЭЈЙ§SPIаДвЛИіbyte,ЭЌЪБЖСШЁвЛИіbyte
                       //  @param      byte        ЗЂЫЭЕФЪ§Он
                       //  @return     uint8 edata       return ЗЕЛиstatusзДЬЌ
                       //  @since      v1.0
                       //  Sample usage:
                       //------------------------------------------------------------------------------------------------------
             --------------
                       static uint8 imu660ra_simspi_wr_byte(uint8 byte)
                       {
                               uint8 i;
                               for(i=0; i<8; i++)
                               {
                                       IMU660RA_SCK (0);
                                       IMU660RA_MOSI(byte&0x80);
                                       byte <<= 1;
                                       IMU660RA_SCK (1);
                                       byte |= IMU660RA_MISO;
                               }
C251 COMPILER V5.60.0,  zf_device_imu660ra                                                 25/04/26  21:52:47  PAGE 4   

                               IMU660RA_SCK (0);
                               return(byte);
                       }
                       
                       //------------------------------------------------------------------------------------------------------
             --------------
                       //  @brief      НЋvalаДШыcmdЖдгІЕФМФДцЦїЕижЗ,ЭЌЪБЗЕЛиstatusзжНк
                       //  @param      cmd         УќСюзж
                       //  @param      val         Д§аДШыМФДцЦїЕФЪ§жЕ
                       //  @since      v1.0
                       //  Sample usage:
                       //------------------------------------------------------------------------------------------------------
             --------------
                       static void imu660ra_simspi_w_reg_byte(uint8 cmd, uint8 val)
                       {
                               cmd |= IMU660RA_SPI_W;
                               imu660ra_simspi_wr_byte(cmd);
                               imu660ra_simspi_wr_byte(val);
                       }
               
               
                       //------------------------------------------------------------------------------------------------------
             --------------
                       //  @brief      НЋvalаДШыcmdЖдгІЕФМФДцЦїЕижЗ
                       //  @param      cmd         УќСюзж
                       //  @param      val         Д§аДШыМФДцЦїЕФЪ§жЕ
                       //  @since      v1.0
                       //  Sample usage:
                       //------------------------------------------------------------------------------------------------------
             --------------
                       static void imu660ra_simspi_w_reg_bytes(uint8 cmd, uint8 *dat_addr, uint32 len)
                       {
                               cmd |= IMU660RA_SPI_W;
                               imu660ra_simspi_wr_byte(cmd);
                               while(len--)
                               {
                                       imu660ra_simspi_wr_byte(*dat_addr++);
                               }
                       }
               
                       //------------------------------------------------------------------------------------------------------
             --------------
                       //  @brief      ЖСШЁcmdЫљЖдгІЕФМФДцЦїЕижЗ
                       //  @param      cmd         УќСюзж
                       //  @param      *val        ДцДЂЖСШЁЕФЪ§ОнЕижЗ
                       //  @param      num         ЖСШЁЕФЪ§СП
                       //  @since      v1.0
                       //  Sample usage:
                       //------------------------------------------------------------------------------------------------------
             --------------
                       static void imu660ra_simspi_r_reg_bytes(uint8 cmd, uint8 *val, uint32 num)
                       {
                               cmd |= IMU660RA_SPI_R;
                               imu660ra_simspi_wr_byte(cmd);
                               while(num--)
                               {
                                       *val++ = imu660ra_simspi_wr_byte(0);
                               }
                       }
               
               
                       //------------------------------------------------------------------------------------------------------
             --------------
                       // КЏЪ§МђНщ     IMU660RA аДМФДцЦї
                       // ВЮЪ§ЫЕУї     reg             МФДцЦїЕижЗ
                       // ВЮЪ§ЫЕУї     dat            Ъ§Он
C251 COMPILER V5.60.0,  zf_device_imu660ra                                                 25/04/26  21:52:47  PAGE 5   

                       // ЗЕЛиВЮЪ§     void
                       // ЪЙгУЪОР§     imu660ra_write_register(IMU660RA_PWR_CONF, 0x00);                   // ЙиБеИпМЖЪЁЕчФЃЪН
                       // БИзЂаХЯЂ     ФкВПЕїгУ
                       //------------------------------------------------------------------------------------------------------
             --------------
                       static void imu660ra_write_register(uint8 reg, uint8 dat)
                       {
                               IMU660RA_CS(0);
                               imu660ra_simspi_w_reg_byte(reg | IMU660RA_SPI_W, dat);
                               IMU660RA_CS(1);
                       }
               
                       //------------------------------------------------------------------------------------------------------
             --------------
                       // КЏЪ§МђНщ     IMU660RA аДЪ§Он
                       // ВЮЪ§ЫЕУї     reg             МФДцЦїЕижЗ
                       // ВЮЪ§ЫЕУї     dat            Ъ§Он
                       // ЗЕЛиВЮЪ§     void
                       // ЪЙгУЪОР§     imu660ra_write_registers(IMU660RA_INIT_dat, imu660ra_config_file, sizeof(imu660ra_config
             -_file));
                       // БИзЂаХЯЂ     ФкВПЕїгУ
                       //------------------------------------------------------------------------------------------------------
             --------------
                       static void imu660ra_write_registers(uint8 reg, const uint8 *dat, uint32 len)
                       {
                               IMU660RA_CS(0);
                               imu660ra_simspi_w_reg_bytes(reg | IMU660RA_SPI_W, dat, len);
                               IMU660RA_CS(1);
                       }
               
                       //------------------------------------------------------------------------------------------------------
             --------------
                       // КЏЪ§МђНщ     IMU660RA ЖСМФДцЦї
                       // ВЮЪ§ЫЕУї     reg             МФДцЦїЕижЗ
                       // ЗЕЛиВЮЪ§     uint8 edata           Ъ§Он
                       // ЪЙгУЪОР§     imu660ra_read_register(IMU660RA_CHIP_ID);
                       // БИзЂаХЯЂ     ФкВПЕїгУ
                       //------------------------------------------------------------------------------------------------------
             --------------
                       static uint8 imu660ra_read_register(uint8 reg)
                       {
                               uint8 dat[2];
                               IMU660RA_CS(0);
                               imu660ra_simspi_r_reg_bytes(reg | IMU660RA_SPI_R, dat, 2);
                               IMU660RA_CS(1);
                               return dat[1];
                       }
               
                       //------------------------------------------------------------------------------------------------------
             --------------
                       // КЏЪ§МђНщ     IMU660RA ЖСЪ§Он
                       // ВЮЪ§ЫЕУї     reg             МФДцЦїЕижЗ
                       // ВЮЪ§ЫЕУї     dat            Ъ§ОнЛКГхЧј
                       // ВЮЪ§ЫЕУї     len             Ъ§ОнГЄЖШ
                       // ЗЕЛиВЮЪ§     void
                       // ЪЙгУЪОР§     imu660ra_read_registers(IMU660RA_ACC_ADDRESS, dat, 6);
                       // БИзЂаХЯЂ     ФкВПЕїгУ
                       //------------------------------------------------------------------------------------------------------
             --------------
                       static void imu660ra_read_registers(uint8 reg, uint8 *dat, uint32 len)
                       {
                               uint16 i = 0;
                               uint8 temp_data[8];
                               IMU660RA_CS(0);
                               imu660ra_simspi_r_reg_bytes(reg | IMU660RA_SPI_R, temp_data, len + 1);
                               IMU660RA_CS(1);
C251 COMPILER V5.60.0,  zf_device_imu660ra                                                 25/04/26  21:52:47  PAGE 6   

                               
                               for(i = 0; i < len; i ++)
                               {
                                       *(dat ++) = temp_data[i + 1];
                               }
                       }
                       
               #elif (IMU660RA_USE_INTERFACE==SOFT_IIC)
               
                       static soft_iic_info_struct imu660ra_iic_struct;
                       #define imu660ra_write_register(reg, dat)        (soft_iic_write_8bit_register(&imu660ra_iic_struct, (re
             -g), (dat)))
                       #define imu660ra_write_registers(reg, dat, len)  (soft_iic_write_8bit_registers(&imu660ra_iic_struct, (r
             -eg), (dat), (len)))
                       #define imu660ra_read_register(reg)              (soft_iic_read_8bit_register(&imu660ra_iic_struct, (reg
             -)))
                       #define imu660ra_read_registers(reg, dat, len)   (soft_iic_read_8bit_registers(&imu660ra_iic_struct, (re
             -g), (dat), (len)))
               
               #endif
  304          
  305          //-------------------------------------------------------------------------------------------------------
             -------------
  306          // КЏЪ§МђНщ     IMU660RA здМь
  307          // ВЮЪ§ЫЕУї     void
  308          // ЗЕЛиВЮЪ§     uint8           1-здМьЪЇАм 0-здМьГЩЙІ
  309          // ЪЙгУЪОР§     imu660ra_self_check();
  310          // БИзЂаХЯЂ     ФкВПЕїгУ
  311          //-------------------------------------------------------------------------------------------------------
             -------------
  312          static uint8 imu660ra_self_check (void)
  313          {
  314   1          uint8 dat = 0, return_state = 0;
  315   1          uint16 timeout_count = 0;
  316   1          
  317   1          do
  318   1          {
  319   2              if(timeout_count ++ > IMU660RA_TIMEOUT_COUNT)
  320   2              {
  321   3                  return_state =  1;
  322   3                  break;
  323   3              }
  324   2              
  325   2              dat = imu660ra_read_register(IMU660RA_CHIP_ID);
  326   2              system_delay_ms(1);
  327   2          }
  328   1          while(0x24 != dat);                                                     // ЖСШЁЩшБИIDЪЧЗёЕШгк0X24ЃЌШч
             -ЙћВЛЪЧ0X24дђШЯЮЊУЛМьВтЕНЩшБИ
  329   1              // printf("imu660ra_self_check = 0x%X\r\n", dat);
  330   1          return return_state;
  331   1      }
  332          
  333          //-------------------------------------------------------------------------------------------------------
             -------------
  334          // КЏЪ§МђНщ     ЛёШЁ IMU660RA МгЫйЖШМЦЪ§Он
  335          // ВЮЪ§ЫЕУї     void
  336          // ЗЕЛиВЮЪ§     void
  337          // ЪЙгУЪОР§     imu660ra_get_acc();                                             // жДааИУКЏЪ§КѓЃЌжБНгВщПД
             -ЖдгІЕФБфСПМДПЩ
  338          // БИзЂаХЯЂ     ЪЙгУ SPI ЕФВЩМЏЪБМфЮЊ69us
  339          //            ЪЙгУ IIC ЕФВЩМЏЪБМфЮЊ126us        ВЩМЏМгЫйЖШМЦЕФЪБМфгыВЩМЏЭгТнвЧЕФЪБМфвЛжТЕФд­вђЪЧЖМжЛЪЧЖСШ
             -ЁМФДцЦїЪ§Он
  340          //-------------------------------------------------------------------------------------------------------
             -------------
  341          void imu660ra_get_acc (void)
  342          {
C251 COMPILER V5.60.0,  zf_device_imu660ra                                                 25/04/26  21:52:47  PAGE 7   

  343   1          uint8 dat[6];
  344   1          
  345   1          imu660ra_read_registers(IMU660RA_ACC_ADDRESS, dat, 6);
  346   1          imu660ra_acc_x = (int16)(((uint16)dat[1] << 8 | dat[0]));
  347   1          imu660ra_acc_y = (int16)(((uint16)dat[3] << 8 | dat[2]));
  348   1          imu660ra_acc_z = (int16)(((uint16)dat[5] << 8 | dat[4]));
  349   1      }
  350          //-------------------------------------------------------------------------------------------------------
             -------------
  351          // КЏЪ§МђНщ     ЛёШЁ IMU660RA ЭгТнвЧЪ§Он
  352          // ВЮЪ§ЫЕУї     void
  353          // ЗЕЛиВЮЪ§     void
  354          // ЪЙгУЪОР§     imu660ra_get_gyro();                                            // жДааИУКЏЪ§КѓЃЌжБНгВщПД
             -ЖдгІЕФБфСПМДПЩ
  355          // БИзЂаХЯЂ     ЪЙгУ SPI ЕФВЩМЏЪБМфЮЊ69us
  356          //            ЪЙгУ IIC ЕФВЩМЏЪБМфЮЊ126us
  357          //-------------------------------------------------------------------------------------------------------
             -------------
  358          void imu660ra_get_gyro (void)
  359          {
  360   1          uint8 dat[6];
  361   1          
  362   1          imu660ra_read_registers(IMU660RA_GYRO_ADDRESS, dat, 6);
  363   1          imu660ra_gyro_x = (int16)(((uint16)dat[1] << 8 | dat[0]));
  364   1          imu660ra_gyro_y = (int16)(((uint16)dat[3] << 8 | dat[2]));
  365   1          imu660ra_gyro_z = (int16)(((uint16)dat[5] << 8 | dat[4]));
  366   1      }
  367          
  368          //-------------------------------------------------------------------------------------------------------
             -------------
  369          // КЏЪ§МђНщ     ГѕЪМЛЏ IMU660RA
  370          // ВЮЪ§ЫЕУї     void
  371          // ЗЕЛиВЮЪ§     uint8           1-ГѕЪМЛЏЪЇАм 0-ГѕЪМЛЏГЩЙІ
  372          // ЪЙгУЪОР§     imu660ra_init();
  373          // БИзЂаХЯЂ
  374          //-------------------------------------------------------------------------------------------------------
             -------------
  375          uint8 imu660ra_init (void)
  376          {
  377   1          uint8 return_state = 0;
  378   1          system_delay_ms(20);                                                        // ЕШД§ЩшБИЩЯЕчГЩЙІ
  379   1          
  380   1              
  381   1      #if (IMU660RA_USE_INTERFACE==HARDWARE_SPI)   
  382   1              spi_init(IMU660RA_SPI, SPI_MODE0, IMU660RA_SPI_SPEED, IMU660RA_SPC_PIN, IMU660RA_SDI_PIN, IMU660RA_SDO_P
             -IN, SPI_CS_NULL);   // ХфжУ IMU660RA ЕФ SPI ЖЫПк
  383   1          gpio_init(IMU660RA_CS_PIN, GPO, GPIO_HIGH, GPO_PUSH_PULL);                  // ХфжУ IMU660RA ЕФCSЖЫПк
  384   1              imu660ra_read_register(IMU660RA_CHIP_ID);                                   // ЖСШЁвЛЯТЩшБИID НЋЩшБИЩшжУ
             -ЮЊSPIФЃЪН
  385   1      #elif (IMU660RA_USE_INTERFACE==SOFT_SPI)
                       // ФЌШЯЪЙгУЫЋЯђIOЃЌВЛашвЊГѕЪМЛЏЁЃ
                       // soft_spi_init (IMU660RA_SPI, SPI_MODE0, 0, IMU660RA_SPC_PIN, IMU660RA_SDI_PIN, IMU660RA_SDO_PIN, IMU6
             -60RA_CS_PIN);
                   imu660ra_read_register(IMU660RA_CHIP_ID);                                                   // ЖСШЁвЛЯТЩшБИID НЋЩшБИЩшжУЮЊSPIФЃЪН
               #elif (IMU660RA_USE_INTERFACE==SOFT_IIC)
                       soft_iic_init(&imu660ra_iic_struct, IMU660RA_DEV_ADDR, IMU660RA_SOFT_IIC_DELAY, IMU660RA_SCL_PIN, IMU660
             -RA_SDA_PIN);        // ХфжУ IMU660RA ЕФ IIC ЖЫПк
               #endif
  392   1      
  393   1          
  394   1          do
  395   1          {
  396   2              if(imu660ra_self_check())                                               // IMU660RA здМь
  397   2              {
  398   3                  // ШчЙћГЬађдкЪфГіСЫЖЯбдаХЯЂ ВЂЧвЬсЪОГіДэЮЛжУдкетРя
  399   3                  // ФЧУДОЭЪЧ IMU660RA здМьГіДэВЂГЌЪБЭЫГіСЫ
C251 COMPILER V5.60.0,  zf_device_imu660ra                                                 25/04/26  21:52:47  PAGE 8   

  400   3                  // МьВщвЛЯТНгЯпгаУЛгаЮЪЬт ШчЙћУЛЮЪЬтПЩФмОЭЪЧЛЕСЫ
  401   3                  printf( "imu660ra self check error.\r\n");
  402   3                  return_state = 1;
  403   3                  break;
  404   3              }
  405   2              
  406   2              imu660ra_write_register(IMU660RA_PWR_CONF, 0x00);                       // ЙиБеИпМЖЪЁЕчФЃЪН
  407   2              system_delay_ms(1);
  408   2              imu660ra_write_register(IMU660RA_INIT_CTRL, 0x00);                      // ПЊЪМЖдФЃПщНјааГѕЪМЛЏХф
             -жУ
  409   2              imu660ra_write_registers(IMU660RA_INIT_DATA, imu660ra_config_file, sizeof(imu660ra_config_file));
             -   // ЪфГіХфжУЮФМў
  410   2              imu660ra_write_register(IMU660RA_INIT_CTRL, 0x01);                      // ГѕЪМЛЏХфжУНсЪј
  411   2              system_delay_ms(20);
  412   2              
  413   2              if(1 != imu660ra_read_register(IMU660RA_INT_STA))                       // МьВщЪЧЗёХфжУЭъГЩ
  414   2              {
  415   3                  // ШчЙћГЬађдкЪфГіСЫЖЯбдаХЯЂ ВЂЧвЬсЪОГіДэЮЛжУдкетРя
  416   3                  // ФЧУДОЭЪЧ IMU660RA ХфжУГѕЪМЛЏЮФМўГіДэСЫ
  417   3                  // МьВщвЛЯТНгЯпгаУЛгаЮЪЬт ШчЙћУЛЮЪЬтПЩФмОЭЪЧЛЕСЫ
  418   3                  printf( "imu660ra init error.\r\n");
  419   3                  return_state = 1;
  420   3                  break;
  421   3              }
  422   2              
  423   2              imu660ra_write_register(IMU660RA_PWR_CTRL, 0x0E);                       // ПЊЦєадФмФЃЪН  ЪЙФмЭгТн
             -вЧЁЂМгЫйЖШЁЂЮТЖШДЋИаЦї
  424   2              imu660ra_write_register(IMU660RA_ACC_CONF, 0xA7);                       // МгЫйЖШВЩМЏХфжУ адФмФЃЪ
             -Н е§ГЃВЩМЏ 50Hz  ВЩбљЦЕТЪ
  425   2              imu660ra_write_register(IMU660RA_GYR_CONF, 0xA9);                       // ЭгТнвЧВЩМЏХфжУ адФмФЃЪ
             -Н е§ГЃВЩМЏ 200Hz ВЩбљЦЕТЪ
  426   2              
  427   2              // IMU660RA_ACC_SAMPLE МФДцЦї
  428   2              // ЩшжУЮЊ 0x00 МгЫйЖШМЦСПГЬЮЊ ЁР2  g   ЛёШЁЕНЕФМгЫйЖШМЦЪ§ОнГ§вд 16384  ПЩвдзЊЛЏЮЊДјЮяРэЕЅЮЛЕФЪ§Он
             - ЕЅЮЛ g(m/s^2)
  429   2              // ЩшжУЮЊ 0x01 МгЫйЖШМЦСПГЬЮЊ ЁР4  g   ЛёШЁЕНЕФМгЫйЖШМЦЪ§ОнГ§вд 8192   ПЩвдзЊЛЏЮЊДјЮяРэЕЅЮЛЕФЪ§Он
             - ЕЅЮЛ g(m/s^2)
  430   2              // ЩшжУЮЊ 0x02 МгЫйЖШМЦСПГЬЮЊ ЁР8  g   ЛёШЁЕНЕФМгЫйЖШМЦЪ§ОнГ§вд 4096   ПЩвдзЊЛЏЮЊДјЮяРэЕЅЮЛЕФЪ§Он
             - ЕЅЮЛ g(m/s^2)
  431   2              // ЩшжУЮЊ 0x03 МгЫйЖШМЦСПГЬЮЊ ЁР16 g   ЛёШЁЕНЕФМгЫйЖШМЦЪ§ОнГ§вд 2048   ПЩвдзЊЛЏЮЊДјЮяРэЕЅЮЛЕФЪ§Он
             - ЕЅЮЛ g(m/s^2)
  432   2              switch(IMU660RA_ACC_SAMPLE_DEFAULT)
  433   2              {
  434   3                  default:
  435   3                  {
  436   4                      printf( "IMU660RA_ACC_SAMPLE_DEFAULT set error.\r\n");
  437   4                      return_state = 1;
  438   4                  }
  439   3                  break;
  440   3                  
  441   3                  case IMU660RA_ACC_SAMPLE_SGN_2G:
  442   3                  {
  443   4                      imu660ra_write_register(IMU660RA_ACC_RANGE, 0x00);
  444   4                      imu660ra_transition_factor[0] = 16384;
  445   4                  }
  446   3                  break;
  447   3                  
  448   3                  case IMU660RA_ACC_SAMPLE_SGN_4G:
  449   3                  {
  450   4                      imu660ra_write_register(IMU660RA_ACC_RANGE, 0x01);
  451   4                      imu660ra_transition_factor[0] = 8192;
  452   4                  }
  453   3                  break;
  454   3                  
  455   3                  case IMU660RA_ACC_SAMPLE_SGN_8G:
  456   3                  {
C251 COMPILER V5.60.0,  zf_device_imu660ra                                                 25/04/26  21:52:47  PAGE 9   

  457   4                      imu660ra_write_register(IMU660RA_ACC_RANGE, 0x02);
  458   4                      imu660ra_transition_factor[0] = 4096;
  459   4                  }
  460   3                  break;
  461   3                  
  462   3                  case IMU660RA_ACC_SAMPLE_SGN_16G:
  463   3                  {
  464   4                      imu660ra_write_register(IMU660RA_ACC_RANGE, 0x03);
  465   4                      imu660ra_transition_factor[0] = 2048;
  466   4                  }
  467   3                  break;
  468   3              }
  469   2              
  470   2              if(1 == return_state)
  471   2              {
  472   3                  break;
  473   3              }
  474   2              
  475   2              // IMU660RA_GYR_RANGE МФДцЦї
  476   2              // ЩшжУЮЊ 0x04 ЭгТнвЧСПГЬЮЊ ЁР125  dps    ЛёШЁЕНЕФЭгТнвЧЪ§ОнГ§вд 262.4   ПЩвдзЊЛЏЮЊДјЮяРэЕЅЮЛЕФЪ§
             -Он ЕЅЮЛЮЊ Ёу/s
  477   2              // ЩшжУЮЊ 0x03 ЭгТнвЧСПГЬЮЊ ЁР250  dps    ЛёШЁЕНЕФЭгТнвЧЪ§ОнГ§вд 131.2   ПЩвдзЊЛЏЮЊДјЮяРэЕЅЮЛЕФЪ§
             -Он ЕЅЮЛЮЊ Ёу/s
  478   2              // ЩшжУЮЊ 0x02 ЭгТнвЧСПГЬЮЊ ЁР500  dps    ЛёШЁЕНЕФЭгТнвЧЪ§ОнГ§вд 65.6    ПЩвдзЊЛЏЮЊДјЮяРэЕЅЮЛЕФЪ§
             -Он ЕЅЮЛЮЊ Ёу/s
  479   2              // ЩшжУЮЊ 0x01 ЭгТнвЧСПГЬЮЊ ЁР1000 dps    ЛёШЁЕНЕФЭгТнвЧЪ§ОнГ§вд 32.8    ПЩвдзЊЛЏЮЊДјЮяРэЕЅЮЛЕФЪ§
             -Он ЕЅЮЛЮЊ Ёу/s
  480   2              // ЩшжУЮЊ 0x00 ЭгТнвЧСПГЬЮЊ ЁР2000 dps    ЛёШЁЕНЕФЭгТнвЧЪ§ОнГ§вд 16.4    ПЩвдзЊЛЏЮЊДјЮяРэЕЅЮЛЕФЪ§
             -Он ЕЅЮЛЮЊ Ёу/s
  481   2              switch(IMU660RA_GYRO_SAMPLE_DEFAULT)
  482   2              {
  483   3                  default:
  484   3                  {
  485   4                      printf( "IMU660RA_GYRO_SAMPLE_DEFAULT set error.\r\n");
  486   4                      return_state = 1;
  487   4                  }
  488   3                  break;
  489   3                  
  490   3                  case IMU660RA_GYRO_SAMPLE_SGN_125DPS:
  491   3                  {
  492   4                      imu660ra_write_register(IMU660RA_GYR_RANGE, 0x04);
  493   4                      imu660ra_transition_factor[1] = 262.4;
  494   4                  }
  495   3                  break;
  496   3                  
  497   3                  case IMU660RA_GYRO_SAMPLE_SGN_250DPS:
  498   3                  {
  499   4                      imu660ra_write_register(IMU660RA_GYR_RANGE, 0x03);
  500   4                      imu660ra_transition_factor[1] = 131.2;
  501   4                  }
  502   3                  break;
  503   3                  
  504   3                  case IMU660RA_GYRO_SAMPLE_SGN_500DPS:
  505   3                  {
  506   4                      imu660ra_write_register(IMU660RA_GYR_RANGE, 0x02);
  507   4                      imu660ra_transition_factor[1] = 65.6;
  508   4                  }
  509   3                  break;
  510   3                  
  511   3                  case IMU660RA_GYRO_SAMPLE_SGN_1000DPS:
  512   3                  {
  513   4                      imu660ra_write_register(IMU660RA_GYR_RANGE, 0x01);
  514   4                      imu660ra_transition_factor[1] = 32.8;
  515   4                  }
  516   3                  break;
  517   3                  
C251 COMPILER V5.60.0,  zf_device_imu660ra                                                 25/04/26  21:52:47  PAGE 10  

  518   3                  case IMU660RA_GYRO_SAMPLE_SGN_2000DPS:
  519   3                  {
  520   4                      imu660ra_write_register(IMU660RA_GYR_RANGE, 0x00);
  521   4                      imu660ra_transition_factor[1] = 16.4;
  522   4                  }
  523   3                  break;
  524   3              }
  525   2              
  526   2              if(1 == return_state)
  527   2              {
  528   3                  break;
  529   3              }
  530   2          }
  531   1          while(0);
  532   1          
  533   1          return return_state;
  534   1      }
  535          
  536          


Module Information          Static   Overlayable
------------------------------------------------
  code size            =    ------     ------
  ecode size           =      1269     ------
  data size            =    ------     ------
  idata size           =    ------     ------
  pdata size           =    ------     ------
  xdata size           =        70     ------
  xdata-const size     =    ------     ------
  edata size           =    ------     ------
  bit size             =    ------     ------
  ebit size            =    ------     ------
  bitaddressable size  =    ------     ------
  ebitaddressable size =    ------     ------
  far data size        =    ------     ------
  huge data size       =    ------     ------
  const size           =    ------     ------
  hconst size          =       190     ------
End of Module Information.


C251 COMPILATION COMPLETE.  0 WARNING(S),  0 ERROR(S)
